# Nmap 7.91 scan initiated Sun Aug  1 10:49:48 2021 as: nmap -A -v -p22,80,139,445 -oN writer/nmapOutput.log 10.129.94.77
Nmap scan report for 10.129.94.77 (10.129.94.77)
Host is up (0.046s latency).

PORT    STATE SERVICE     VERSION
22/tcp  open  ssh         OpenSSH 8.2p1 Ubuntu 4ubuntu0.2 (Ubuntu Linux; protocol 2.0)
| ssh-hostkey: 
|   3072 98:20:b9:d0:52:1f:4e:10:3a:4a:93:7e:50:bc:b8:7d (RSA)
|   256 10:04:79:7a:29:74:db:28:f9:ff:af:68:df:f1:3f:34 (ECDSA)
|_  256 77:c4:86:9a:9f:33:4f:da:71:20:2c:e1:51:10:7e:8d (ED25519)
80/tcp  open  http        Apache httpd 2.4.41 ((Ubuntu))
| http-methods: 
|_  Supported Methods: HEAD GET OPTIONS
|_http-server-header: Apache/2.4.41 (Ubuntu)
|_http-title: Story Bank | Writer.HTB
139/tcp open  netbios-ssn Samba smbd 4.6.2
445/tcp open  netbios-ssn Samba smbd 4.6.2
Warning: OSScan results may be unreliable because we could not find at least 1 open and 1 closed port
Aggressive OS guesses: Linux 5.0 - 5.3 (95%), Linux 3.1 (95%), Linux 3.2 (95%), AXIS 210A or 211 Network Camera (Linux 2.6.17) (94%), Linux 4.15 - 5.6 (94%), Linux 5.3 - 5.4 (94%), Linux 2.6.32 (94%), ASUS RT-N56U WAP (Linux 3.4) (93%), Linux 3.16 (93%), Sony X75CH-series Android TV (Android 5.0) (92%)
No exact OS matches for host (test conditions non-ideal).
Uptime guess: 35.794 days (since Sat Jun 26 15:46:48 2021)
Network Distance: 2 hops
TCP Sequence Prediction: Difficulty=251 (Good luck!)
IP ID Sequence Generation: All zeros
Service Info: OS: Linux; CPE: cpe:/o:linux:linux_kernel

Host script results:
|_clock-skew: -1s
| nbstat: NetBIOS name: WRITER, NetBIOS user: <unknown>, NetBIOS MAC: <unknown> (unknown)
| Names:
|   WRITER<00>           Flags: <unique><active>
|   WRITER<03>           Flags: <unique><active>
|   WRITER<20>           Flags: <unique><active>
|   WORKGROUP<00>        Flags: <group><active>
|_  WORKGROUP<1e>        Flags: <group><active>
| smb2-security-mode: 
|   2.02: 
|_    Message signing enabled but not required
| smb2-time: 
|   date: 2021-08-01T14:50:05
|_  start_date: N/A

TRACEROUTE (using port 139/tcp)
HOP RTT      ADDRESS
1   33.81 ms 10.10.14.1 (10.10.14.1)
2   33.80 ms 10.129.94.77 (10.129.94.77)

Read data files from: /usr/bin/../share/nmap
OS and Service detection performed. Please report any incorrect results at https://nmap.org/submit/ .
# Nmap done at Sun Aug  1 10:50:08 2021 -- 1 IP address (1 host up) scanned in 20.22 seconds
