# Nmap 7.94 scan initiated Sat Jul 22 16:23:57 2023 as: nmap -p- -Pn -A -o nmap/nmapTCPALL_Pn.log 192.168.241.172
Nmap scan report for 192.168.241.172 (192.168.241.172)
Host is up (0.034s latency).
Not shown: 65514 filtered tcp ports (no-response)
PORT      STATE SERVICE       VERSION
53/tcp    open  domain        Simple DNS Plus
88/tcp    open  kerberos-sec  Microsoft Windows Kerberos (server time: 2023-07-22 20:27:12Z)
135/tcp   open  msrpc         Microsoft Windows RPC
139/tcp   open  netbios-ssn   Microsoft Windows netbios-ssn
389/tcp   open  ldap          Microsoft Windows Active Directory LDAP (Domain: vault.offsec0., Site: Default-First-Site-Name)
445/tcp   open  microsoft-ds?
464/tcp   open  kpasswd5?
593/tcp   open  ncacn_http    Microsoft Windows RPC over HTTP 1.0
636/tcp   open  tcpwrapped
3268/tcp  open  ldap          Microsoft Windows Active Directory LDAP (Domain: vault.offsec0., Site: Default-First-Site-Name)
3269/tcp  open  tcpwrapped
3389/tcp  open  ms-wbt-server Microsoft Terminal Services
| ssl-cert: Subject: commonName=DC.vault.offsec
| Not valid before: 2023-07-21T20:19:20
|_Not valid after:  2024-01-20T20:19:20
| rdp-ntlm-info: 
|   Target_Name: VAULT
|   NetBIOS_Domain_Name: VAULT
|   NetBIOS_Computer_Name: DC
|   DNS_Domain_Name: vault.offsec
|   DNS_Computer_Name: DC.vault.offsec
|   DNS_Tree_Name: vault.offsec
|   Product_Version: 10.0.17763
|_  System_Time: 2023-07-22T20:28:02+00:00
|_ssl-date: 2023-07-22T20:28:42+00:00; +1s from scanner time.
5985/tcp  open  http          Microsoft HTTPAPI httpd 2.0 (SSDP/UPnP)
|_http-server-header: Microsoft-HTTPAPI/2.0
|_http-title: Not Found
9389/tcp  open  mc-nmf        .NET Message Framing
49666/tcp open  msrpc         Microsoft Windows RPC
49667/tcp open  msrpc         Microsoft Windows RPC
49669/tcp open  ncacn_http    Microsoft Windows RPC over HTTP 1.0
49670/tcp open  msrpc         Microsoft Windows RPC
49671/tcp open  msrpc         Microsoft Windows RPC
49689/tcp open  msrpc         Microsoft Windows RPC
49704/tcp open  msrpc         Microsoft Windows RPC
Service Info: Host: DC; OS: Windows; CPE: cpe:/o:microsoft:windows

Host script results:
| smb2-security-mode: 
|   3:1:1: 
|_    Message signing enabled and required
| smb2-time: 
|   date: 2023-07-22T20:28:05
|_  start_date: N/A

Service detection performed. Please report any incorrect results at https://nmap.org/submit/ .
# Nmap done at Sat Jul 22 16:28:42 2023 -- 1 IP address (1 host up) scanned in 284.54 seconds
