http://cozyhosting.htb/index               [32m (Status: 200)[0m [Size: 12706]
http://cozyhosting.htb/login               [32m (Status: 200)[0m [Size: 4431]
http://cozyhosting.htb/admin               [33m (Status: 401)[0m [Size: 97]
http://cozyhosting.htb/logout              [37m (Status: 204)[0m [Size: 0]
http://cozyhosting.htb/error               [31m (Status: 500)[0m [Size: 73]
http://cozyhosting.htb/http%3A%2F%2Fwww    [33m (Status: 400)[0m [Size: 435]
http://cozyhosting.htb/http%3A%2F%2Fyoutube[33m (Status: 400)[0m [Size: 435]
http://cozyhosting.htb/%C0                 [33m (Status: 400)[0m [Size: 435]
http://cozyhosting.htb/http%3A%2F%2Fblogs  [33m (Status: 400)[0m [Size: 435]
http://cozyhosting.htb/http%3A%2F%2Fblog   [33m (Status: 400)[0m [Size: 435]
http://cozyhosting.htb/**http%3A%2F%2Fwww  [33m (Status: 400)[0m [Size: 435]
http://cozyhosting.htb/27079%5Fclassicpeople2%2Ejpg[32m (Status: 200)[0m [Size: 0]
http://cozyhosting.htb/children%2527s_tent [32m (Status: 200)[0m [Size: 0]
http://cozyhosting.htb/tiki%2Epng          [32m (Status: 200)[0m [Size: 0]
http://cozyhosting.htb/Wanted%2e%2e%2e     [32m (Status: 200)[0m [Size: 0]
http://cozyhosting.htb/How_to%2e%2e%2e     [32m (Status: 200)[0m [Size: 0]
http://cozyhosting.htb/External%5CX-News   [33m (Status: 400)[0m [Size: 435]
http://cozyhosting.htb/squishdot_rss10%2Etxt[32m (Status: 200)[0m [Size: 0]
http://cozyhosting.htb/b33p%2Ehtml         [32m (Status: 200)[0m [Size: 0]
http://cozyhosting.htb/help%2523drupal     [32m (Status: 200)[0m [Size: 0]
http://cozyhosting.htb/http%3A%2F%2Fcommunity[33m (Status: 400)[0m [Size: 435]
http://cozyhosting.htb/http%3A%2F%2Fradar  [33m (Status: 400)[0m [Size: 435]
http://cozyhosting.htb/%CB                 [33m (Status: 400)[0m [Size: 435]
http://cozyhosting.htb/%CE                 [33m (Status: 400)[0m [Size: 435]
http://cozyhosting.htb/%CD                 [33m (Status: 400)[0m [Size: 435]
http://cozyhosting.htb/%D8                 [33m (Status: 400)[0m [Size: 435]
http://cozyhosting.htb/%CF                 [33m (Status: 400)[0m [Size: 435]
http://cozyhosting.htb/%CC                 [33m (Status: 400)[0m [Size: 435]
http://cozyhosting.htb/%CA                 [33m (Status: 400)[0m [Size: 435]
http://cozyhosting.htb/%D0                 [33m (Status: 400)[0m [Size: 435]
http://cozyhosting.htb/%D1                 [33m (Status: 400)[0m [Size: 435]
http://cozyhosting.htb/%D7                 [33m (Status: 400)[0m [Size: 435]
http://cozyhosting.htb/%D6                 [33m (Status: 400)[0m [Size: 435]
http://cozyhosting.htb/%D5                 [33m (Status: 400)[0m [Size: 435]
http://cozyhosting.htb/%D3                 [33m (Status: 400)[0m [Size: 435]
http://cozyhosting.htb/%D4                 [33m (Status: 400)[0m [Size: 435]
http://cozyhosting.htb/%D2                 [33m (Status: 400)[0m [Size: 435]
http://cozyhosting.htb/%C9                 [33m (Status: 400)[0m [Size: 435]
http://cozyhosting.htb/%C8                 [33m (Status: 400)[0m [Size: 435]
http://cozyhosting.htb/%C1                 [33m (Status: 400)[0m [Size: 435]
http://cozyhosting.htb/%C7                 [33m (Status: 400)[0m [Size: 435]
http://cozyhosting.htb/%C2                 [33m (Status: 400)[0m [Size: 435]
http://cozyhosting.htb/%C6                 [33m (Status: 400)[0m [Size: 435]
http://cozyhosting.htb/%C5                 [33m (Status: 400)[0m [Size: 435]
http://cozyhosting.htb/%C4                 [33m (Status: 400)[0m [Size: 435]
http://cozyhosting.htb/%C3                 [33m (Status: 400)[0m [Size: 435]
http://cozyhosting.htb/%D9                 [33m (Status: 400)[0m [Size: 435]
http://cozyhosting.htb/%DE                 [33m (Status: 400)[0m [Size: 435]
http://cozyhosting.htb/%DD                 [33m (Status: 400)[0m [Size: 435]
http://cozyhosting.htb/%DF                 [33m (Status: 400)[0m [Size: 435]
http://cozyhosting.htb/%DB                 [33m (Status: 400)[0m [Size: 435]
http://cozyhosting.htb/http%3A%2F%2Fjeremiahgrossman[33m (Status: 400)[0m [Size: 435]
http://cozyhosting.htb/http%3A%2F%2Fweblog [33m (Status: 400)[0m [Size: 435]
http://cozyhosting.htb/http%3A%2F%2Fswik   [33m (Status: 400)[0m [Size: 435]
