# Nmap 7.94SVN scan initiated Tue Feb  6 16:03:18 2024 as: nmap -sT -Pn -p0-65535 --min-rate=1000 -T4 -sC -sV -A -o HTB/TimeLapse/nmap/nmapAllTCPn_manual.log 10.10.11.152
Nmap scan report for 10.10.11.152 (10.10.11.152)
Host is up (0.16s latency).
Not shown: 65518 filtered tcp ports (no-response)
PORT      STATE SERVICE       VERSION
53/tcp    open  domain        Simple DNS Plus
88/tcp    open  kerberos-sec  Microsoft Windows Kerberos (server time: 2024-02-07 05:05:36Z)
135/tcp   open  msrpc         Microsoft Windows RPC
139/tcp   open  netbios-ssn   Microsoft Windows netbios-ssn
389/tcp   open  ldap          Microsoft Windows Active Directory LDAP (Domain: timelapse.htb0., Site: Default-First-Site-Name)
445/tcp   open  microsoft-ds?
464/tcp   open  kpasswd5?
593/tcp   open  ncacn_http    Microsoft Windows RPC over HTTP 1.0
636/tcp   open  tcpwrapped
3268/tcp  open  ldap          Microsoft Windows Active Directory LDAP (Domain: timelapse.htb0., Site: Default-First-Site-Name)
3269/tcp  open  tcpwrapped
5986/tcp  open  ssl/http      Microsoft HTTPAPI httpd 2.0 (SSDP/UPnP)
|_ssl-date: 2024-02-07T05:07:08+00:00; +7h59m59s from scanner time.
| ssl-cert: Subject: commonName=dc01.timelapse.htb
| Not valid before: 2021-10-25T14:05:29
|_Not valid after:  2022-10-25T14:25:29
|_http-title: Not Found
|_http-server-header: Microsoft-HTTPAPI/2.0
| tls-alpn: 
|_  http/1.1
9389/tcp  open  mc-nmf        .NET Message Framing
49667/tcp open  msrpc         Microsoft Windows RPC
49673/tcp open  msrpc         Microsoft Windows RPC
49674/tcp open  ncacn_http    Microsoft Windows RPC over HTTP 1.0
49732/tcp open  msrpc         Microsoft Windows RPC
55435/tcp open  msrpc         Microsoft Windows RPC
Service Info: Host: DC01; OS: Windows; CPE: cpe:/o:microsoft:windows

Host script results:
| smb2-time: 
|   date: 2024-02-07T05:06:32
|_  start_date: N/A
| smb2-security-mode: 
|   3:1:1: 
|_    Message signing enabled and required
|_clock-skew: mean: 7h59m58s, deviation: 0s, median: 7h59m57s

Service detection performed. Please report any incorrect results at https://nmap.org/submit/ .
# Nmap done at Tue Feb  6 16:07:15 2024 -- 1 IP address (1 host up) scanned in 237.51 seconds
