[1m[34mSMB[0m         resourced.local 5985   RESOURCEDC       [1m[34m[*][0m Windows 10.0 Build 17763 (name:RESOURCEDC) (domain:resourced.local)
[1m[34mHTTP[0m        resourced.local 5985   RESOURCEDC       [1m[34m[*][0m http://resourced.local:5985/wsman
[1m[34mWINRM[0m       resourced.local 5985   RESOURCEDC       [1m[31m[-][0m resourced.local\Administrator:12579b1666d4ac10f0f59f300776495f
[1m[34mWINRM[0m       resourced.local 5985   RESOURCEDC       [1m[31m[-][0m resourced.local\Administrator:31d6cfe0d16ae931b73c59d7e0c089c0
[1m[34mWINRM[0m       resourced.local 5985   RESOURCEDC       [1m[31m[-][0m resourced.local\Administrator:9ddb6f4d9d01fedeb4bccfb09df1b39d
[1m[34mWINRM[0m       resourced.local 5985   RESOURCEDC       [1m[31m[-][0m resourced.local\Administrator:3004b16f88664fbebfcb9ed272b0565b
[1m[34mWINRM[0m       resourced.local 5985   RESOURCEDC       [1m[31m[-][0m resourced.local\Administrator:3105e0f6af52aba8e11d19f27e487e45
[1m[34mWINRM[0m       resourced.local 5985   RESOURCEDC       [1m[31m[-][0m resourced.local\Administrator:204410cc5a7147cd52a04ddae6754b0c
[1m[34mWINRM[0m       resourced.local 5985   RESOURCEDC       [1m[31m[-][0m resourced.local\Administrator:19a3a7550ce8c505c2d46b5e39d6f808
[1m[34mWINRM[0m       resourced.local 5985   RESOURCEDC       [1m[31m[-][0m resourced.local\Administrator:3e028552b946cc4f282b72879f63b726
[1m[34mWINRM[0m       resourced.local 5985   RESOURCEDC       [1m[31m[-][0m resourced.local\Administrator:913c144caea1c0a936fd1ccb46929d3c
[1m[34mWINRM[0m       resourced.local 5985   RESOURCEDC       [1m[31m[-][0m resourced.local\Administrator:bd7c11a9021d2708eda561984f3c8939
[1m[34mWINRM[0m       resourced.local 5985   RESOURCEDC       [1m[31m[-][0m resourced.local\Administrator:980910b8fc2e4fe9d482123301dd19fe
[1m[34mWINRM[0m       resourced.local 5985   RESOURCEDC       [1m[31m[-][0m resourced.local\Administrator:fea5a148c14cf51590456b2102b29fac
[1m[34mWINRM[0m       resourced.local 5985   RESOURCEDC       [1m[31m[-][0m resourced.local\Administrator:08aca8ed17a9eec9fac4acdcb4652c35
[1m[34mWINRM[0m       resourced.local 5985   RESOURCEDC       [1m[31m[-][0m resourced.local\Administrator:62e16d17c3015c47b4d513e65ca757a2
[1m[34mWINRM[0m       resourced.local 5985   RESOURCEDC       [1m[31m[-][0m resourced.local\Guest:12579b1666d4ac10f0f59f300776495f
[1m[34mWINRM[0m       resourced.local 5985   RESOURCEDC       [1m[31m[-][0m resourced.local\Guest:31d6cfe0d16ae931b73c59d7e0c089c0
[1m[34mWINRM[0m       resourced.local 5985   RESOURCEDC       [1m[31m[-][0m resourced.local\Guest:9ddb6f4d9d01fedeb4bccfb09df1b39d
[1m[34mWINRM[0m       resourced.local 5985   RESOURCEDC       [1m[31m[-][0m resourced.local\Guest:3004b16f88664fbebfcb9ed272b0565b
[1m[34mWINRM[0m       resourced.local 5985   RESOURCEDC       [1m[31m[-][0m resourced.local\Guest:3105e0f6af52aba8e11d19f27e487e45
[1m[34mWINRM[0m       resourced.local 5985   RESOURCEDC       [1m[31m[-][0m resourced.local\Guest:204410cc5a7147cd52a04ddae6754b0c
[1m[34mWINRM[0m       resourced.local 5985   RESOURCEDC       [1m[31m[-][0m resourced.local\Guest:19a3a7550ce8c505c2d46b5e39d6f808
[1m[34mWINRM[0m       resourced.local 5985   RESOURCEDC       [1m[31m[-][0m resourced.local\Guest:3e028552b946cc4f282b72879f63b726
[1m[34mWINRM[0m       resourced.local 5985   RESOURCEDC       [1m[31m[-][0m resourced.local\Guest:913c144caea1c0a936fd1ccb46929d3c
[1m[34mWINRM[0m       resourced.local 5985   RESOURCEDC       [1m[31m[-][0m resourced.local\Guest:bd7c11a9021d2708eda561984f3c8939
[1m[34mWINRM[0m       resourced.local 5985   RESOURCEDC       [1m[31m[-][0m resourced.local\Guest:980910b8fc2e4fe9d482123301dd19fe
[1m[34mWINRM[0m       resourced.local 5985   RESOURCEDC       [1m[31m[-][0m resourced.local\Guest:fea5a148c14cf51590456b2102b29fac
[1m[34mWINRM[0m       resourced.local 5985   RESOURCEDC       [1m[31m[-][0m resourced.local\Guest:08aca8ed17a9eec9fac4acdcb4652c35
[1m[34mWINRM[0m       resourced.local 5985   RESOURCEDC       [1m[31m[-][0m resourced.local\Guest:62e16d17c3015c47b4d513e65ca757a2
[1m[34mWINRM[0m       resourced.local 5985   RESOURCEDC       [1m[31m[-][0m resourced.local\RESOURCEDC$:12579b1666d4ac10f0f59f300776495f
[1m[34mWINRM[0m       resourced.local 5985   RESOURCEDC       [1m[31m[-][0m resourced.local\RESOURCEDC$:31d6cfe0d16ae931b73c59d7e0c089c0
[1m[34mWINRM[0m       resourced.local 5985   RESOURCEDC       [1m[31m[-][0m resourced.local\RESOURCEDC$:9ddb6f4d9d01fedeb4bccfb09df1b39d
[1m[34mWINRM[0m       resourced.local 5985   RESOURCEDC       [1m[31m[-][0m resourced.local\RESOURCEDC$:3004b16f88664fbebfcb9ed272b0565b
[1m[34mWINRM[0m       resourced.local 5985   RESOURCEDC       [1m[31m[-][0m resourced.local\RESOURCEDC$:3105e0f6af52aba8e11d19f27e487e45
[1m[34mWINRM[0m       resourced.local 5985   RESOURCEDC       [1m[31m[-][0m resourced.local\RESOURCEDC$:204410cc5a7147cd52a04ddae6754b0c
[1m[34mWINRM[0m       resourced.local 5985   RESOURCEDC       [1m[31m[-][0m resourced.local\RESOURCEDC$:19a3a7550ce8c505c2d46b5e39d6f808
[1m[34mWINRM[0m       resourced.local 5985   RESOURCEDC       [1m[31m[-][0m resourced.local\RESOURCEDC$:3e028552b946cc4f282b72879f63b726
[1m[34mWINRM[0m       resourced.local 5985   RESOURCEDC       [1m[31m[-][0m resourced.local\RESOURCEDC$:913c144caea1c0a936fd1ccb46929d3c
[1m[34mWINRM[0m       resourced.local 5985   RESOURCEDC       [1m[31m[-][0m resourced.local\RESOURCEDC$:bd7c11a9021d2708eda561984f3c8939
[1m[34mWINRM[0m       resourced.local 5985   RESOURCEDC       [1m[31m[-][0m resourced.local\RESOURCEDC$:980910b8fc2e4fe9d482123301dd19fe
[1m[34mWINRM[0m       resourced.local 5985   RESOURCEDC       [1m[31m[-][0m resourced.local\RESOURCEDC$:fea5a148c14cf51590456b2102b29fac
[1m[34mWINRM[0m       resourced.local 5985   RESOURCEDC       [1m[31m[-][0m resourced.local\RESOURCEDC$:08aca8ed17a9eec9fac4acdcb4652c35
[1m[34mWINRM[0m       resourced.local 5985   RESOURCEDC       [1m[31m[-][0m resourced.local\RESOURCEDC$:62e16d17c3015c47b4d513e65ca757a2
[1m[34mWINRM[0m       resourced.local 5985   RESOURCEDC       [1m[31m[-][0m resourced.local\krbtgt:12579b1666d4ac10f0f59f300776495f
[1m[34mWINRM[0m       resourced.local 5985   RESOURCEDC       [1m[31m[-][0m resourced.local\krbtgt:31d6cfe0d16ae931b73c59d7e0c089c0
[1m[34mWINRM[0m       resourced.local 5985   RESOURCEDC       [1m[31m[-][0m resourced.local\krbtgt:9ddb6f4d9d01fedeb4bccfb09df1b39d
[1m[34mWINRM[0m       resourced.local 5985   RESOURCEDC       [1m[31m[-][0m resourced.local\krbtgt:3004b16f88664fbebfcb9ed272b0565b
[1m[34mWINRM[0m       resourced.local 5985   RESOURCEDC       [1m[31m[-][0m resourced.local\krbtgt:3105e0f6af52aba8e11d19f27e487e45
[1m[34mWINRM[0m       resourced.local 5985   RESOURCEDC       [1m[31m[-][0m resourced.local\krbtgt:204410cc5a7147cd52a04ddae6754b0c
[1m[34mWINRM[0m       resourced.local 5985   RESOURCEDC       [1m[31m[-][0m resourced.local\krbtgt:19a3a7550ce8c505c2d46b5e39d6f808
[1m[34mWINRM[0m       resourced.local 5985   RESOURCEDC       [1m[31m[-][0m resourced.local\krbtgt:3e028552b946cc4f282b72879f63b726
[1m[34mWINRM[0m       resourced.local 5985   RESOURCEDC       [1m[31m[-][0m resourced.local\krbtgt:913c144caea1c0a936fd1ccb46929d3c
[1m[34mWINRM[0m       resourced.local 5985   RESOURCEDC       [1m[31m[-][0m resourced.local\krbtgt:bd7c11a9021d2708eda561984f3c8939
[1m[34mWINRM[0m       resourced.local 5985   RESOURCEDC       [1m[31m[-][0m resourced.local\krbtgt:980910b8fc2e4fe9d482123301dd19fe
[1m[34mWINRM[0m       resourced.local 5985   RESOURCEDC       [1m[31m[-][0m resourced.local\krbtgt:fea5a148c14cf51590456b2102b29fac
[1m[34mWINRM[0m       resourced.local 5985   RESOURCEDC       [1m[31m[-][0m resourced.local\krbtgt:08aca8ed17a9eec9fac4acdcb4652c35
[1m[34mWINRM[0m       resourced.local 5985   RESOURCEDC       [1m[31m[-][0m resourced.local\krbtgt:62e16d17c3015c47b4d513e65ca757a2
[1m[34mWINRM[0m       resourced.local 5985   RESOURCEDC       [1m[31m[-][0m resourced.local\M.Mason:12579b1666d4ac10f0f59f300776495f
[1m[34mWINRM[0m       resourced.local 5985   RESOURCEDC       [1m[31m[-][0m resourced.local\M.Mason:31d6cfe0d16ae931b73c59d7e0c089c0
[1m[34mWINRM[0m       resourced.local 5985   RESOURCEDC       [1m[31m[-][0m resourced.local\M.Mason:9ddb6f4d9d01fedeb4bccfb09df1b39d
[1m[34mWINRM[0m       resourced.local 5985   RESOURCEDC       [1m[31m[-][0m resourced.local\M.Mason:3004b16f88664fbebfcb9ed272b0565b
[1m[34mWINRM[0m       resourced.local 5985   RESOURCEDC       [1m[31m[-][0m resourced.local\M.Mason:3105e0f6af52aba8e11d19f27e487e45
[1m[34mWINRM[0m       resourced.local 5985   RESOURCEDC       [1m[31m[-][0m resourced.local\M.Mason:204410cc5a7147cd52a04ddae6754b0c
[1m[34mWINRM[0m       resourced.local 5985   RESOURCEDC       [1m[31m[-][0m resourced.local\M.Mason:19a3a7550ce8c505c2d46b5e39d6f808
[1m[34mWINRM[0m       resourced.local 5985   RESOURCEDC       [1m[31m[-][0m resourced.local\M.Mason:3e028552b946cc4f282b72879f63b726
[1m[34mWINRM[0m       resourced.local 5985   RESOURCEDC       [1m[31m[-][0m resourced.local\M.Mason:913c144caea1c0a936fd1ccb46929d3c
[1m[34mWINRM[0m       resourced.local 5985   RESOURCEDC       [1m[31m[-][0m resourced.local\M.Mason:bd7c11a9021d2708eda561984f3c8939
[1m[34mWINRM[0m       resourced.local 5985   RESOURCEDC       [1m[31m[-][0m resourced.local\M.Mason:980910b8fc2e4fe9d482123301dd19fe
[1m[34mWINRM[0m       resourced.local 5985   RESOURCEDC       [1m[31m[-][0m resourced.local\M.Mason:fea5a148c14cf51590456b2102b29fac
[1m[34mWINRM[0m       resourced.local 5985   RESOURCEDC       [1m[31m[-][0m resourced.local\M.Mason:08aca8ed17a9eec9fac4acdcb4652c35
[1m[34mWINRM[0m       resourced.local 5985   RESOURCEDC       [1m[31m[-][0m resourced.local\M.Mason:62e16d17c3015c47b4d513e65ca757a2
[1m[34mWINRM[0m       resourced.local 5985   RESOURCEDC       [1m[31m[-][0m resourced.local\K.Keen:12579b1666d4ac10f0f59f300776495f
[1m[34mWINRM[0m       resourced.local 5985   RESOURCEDC       [1m[31m[-][0m resourced.local\K.Keen:31d6cfe0d16ae931b73c59d7e0c089c0
[1m[34mWINRM[0m       resourced.local 5985   RESOURCEDC       [1m[31m[-][0m resourced.local\K.Keen:9ddb6f4d9d01fedeb4bccfb09df1b39d
[1m[34mWINRM[0m       resourced.local 5985   RESOURCEDC       [1m[31m[-][0m resourced.local\K.Keen:3004b16f88664fbebfcb9ed272b0565b
[1m[34mWINRM[0m       resourced.local 5985   RESOURCEDC       [1m[31m[-][0m resourced.local\K.Keen:3105e0f6af52aba8e11d19f27e487e45
[1m[34mWINRM[0m       resourced.local 5985   RESOURCEDC       [1m[31m[-][0m resourced.local\K.Keen:204410cc5a7147cd52a04ddae6754b0c
[1m[34mWINRM[0m       resourced.local 5985   RESOURCEDC       [1m[31m[-][0m resourced.local\K.Keen:19a3a7550ce8c505c2d46b5e39d6f808
[1m[34mWINRM[0m       resourced.local 5985   RESOURCEDC       [1m[31m[-][0m resourced.local\K.Keen:3e028552b946cc4f282b72879f63b726
[1m[34mWINRM[0m       resourced.local 5985   RESOURCEDC       [1m[31m[-][0m resourced.local\K.Keen:913c144caea1c0a936fd1ccb46929d3c
[1m[34mWINRM[0m       resourced.local 5985   RESOURCEDC       [1m[31m[-][0m resourced.local\K.Keen:bd7c11a9021d2708eda561984f3c8939
[1m[34mWINRM[0m       resourced.local 5985   RESOURCEDC       [1m[31m[-][0m resourced.local\K.Keen:980910b8fc2e4fe9d482123301dd19fe
[1m[34mWINRM[0m       resourced.local 5985   RESOURCEDC       [1m[31m[-][0m resourced.local\K.Keen:fea5a148c14cf51590456b2102b29fac
[1m[34mWINRM[0m       resourced.local 5985   RESOURCEDC       [1m[31m[-][0m resourced.local\K.Keen:08aca8ed17a9eec9fac4acdcb4652c35
[1m[34mWINRM[0m       resourced.local 5985   RESOURCEDC       [1m[31m[-][0m resourced.local\K.Keen:62e16d17c3015c47b4d513e65ca757a2
[1m[34mWINRM[0m       resourced.local 5985   RESOURCEDC       [1m[31m[-][0m resourced.local\L.Livingstone:12579b1666d4ac10f0f59f300776495f
[1m[34mWINRM[0m       resourced.local 5985   RESOURCEDC       [1m[31m[-][0m resourced.local\L.Livingstone:31d6cfe0d16ae931b73c59d7e0c089c0
[1m[34mWINRM[0m       resourced.local 5985   RESOURCEDC       [1m[31m[-][0m resourced.local\L.Livingstone:9ddb6f4d9d01fedeb4bccfb09df1b39d
[1m[34mWINRM[0m       resourced.local 5985   RESOURCEDC       [1m[31m[-][0m resourced.local\L.Livingstone:3004b16f88664fbebfcb9ed272b0565b
[1m[34mWINRM[0m       resourced.local 5985   RESOURCEDC       [1m[31m[-][0m resourced.local\L.Livingstone:3105e0f6af52aba8e11d19f27e487e45
[1m[34mWINRM[0m       resourced.local 5985   RESOURCEDC       [1m[31m[-][0m resourced.local\L.Livingstone:204410cc5a7147cd52a04ddae6754b0c
[1m[34mWINRM[0m       resourced.local 5985   RESOURCEDC       [1m[31m[-][0m resourced.local\L.Livingstone:19a3a7550ce8c505c2d46b5e39d6f808
[1m[34mWINRM[0m       resourced.local 5985   RESOURCEDC       [1m[31m[-][0m resourced.local\L.Livingstone:3e028552b946cc4f282b72879f63b726
[1m[34mWINRM[0m       resourced.local 5985   RESOURCEDC       [1m[31m[-][0m resourced.local\L.Livingstone:913c144caea1c0a936fd1ccb46929d3c
[1m[34mWINRM[0m       resourced.local 5985   RESOURCEDC       [1m[31m[-][0m resourced.local\L.Livingstone:bd7c11a9021d2708eda561984f3c8939
[1m[34mWINRM[0m       resourced.local 5985   RESOURCEDC       [1m[31m[-][0m resourced.local\L.Livingstone:980910b8fc2e4fe9d482123301dd19fe
[1m[34mWINRM[0m       resourced.local 5985   RESOURCEDC       [1m[31m[-][0m resourced.local\L.Livingstone:fea5a148c14cf51590456b2102b29fac
[1m[34mWINRM[0m       resourced.local 5985   RESOURCEDC       [1m[31m[-][0m resourced.local\L.Livingstone:08aca8ed17a9eec9fac4acdcb4652c35
[1m[34mWINRM[0m       resourced.local 5985   RESOURCEDC       [1m[31m[-][0m resourced.local\L.Livingstone:62e16d17c3015c47b4d513e65ca757a2
[1m[34mWINRM[0m       resourced.local 5985   RESOURCEDC       [1m[31m[-][0m resourced.local\J.Johnson:12579b1666d4ac10f0f59f300776495f
[1m[34mWINRM[0m       resourced.local 5985   RESOURCEDC       [1m[31m[-][0m resourced.local\J.Johnson:31d6cfe0d16ae931b73c59d7e0c089c0
[1m[34mWINRM[0m       resourced.local 5985   RESOURCEDC       [1m[31m[-][0m resourced.local\J.Johnson:9ddb6f4d9d01fedeb4bccfb09df1b39d
[1m[34mWINRM[0m       resourced.local 5985   RESOURCEDC       [1m[31m[-][0m resourced.local\J.Johnson:3004b16f88664fbebfcb9ed272b0565b
[1m[34mWINRM[0m       resourced.local 5985   RESOURCEDC       [1m[31m[-][0m resourced.local\J.Johnson:3105e0f6af52aba8e11d19f27e487e45
[1m[34mWINRM[0m       resourced.local 5985   RESOURCEDC       [1m[31m[-][0m resourced.local\J.Johnson:204410cc5a7147cd52a04ddae6754b0c
[1m[34mWINRM[0m       resourced.local 5985   RESOURCEDC       [1m[31m[-][0m resourced.local\J.Johnson:19a3a7550ce8c505c2d46b5e39d6f808
[1m[34mWINRM[0m       resourced.local 5985   RESOURCEDC       [1m[31m[-][0m resourced.local\J.Johnson:3e028552b946cc4f282b72879f63b726
[1m[34mWINRM[0m       resourced.local 5985   RESOURCEDC       [1m[31m[-][0m resourced.local\J.Johnson:913c144caea1c0a936fd1ccb46929d3c
[1m[34mWINRM[0m       resourced.local 5985   RESOURCEDC       [1m[31m[-][0m resourced.local\J.Johnson:bd7c11a9021d2708eda561984f3c8939
[1m[34mWINRM[0m       resourced.local 5985   RESOURCEDC       [1m[31m[-][0m resourced.local\J.Johnson:980910b8fc2e4fe9d482123301dd19fe
[1m[34mWINRM[0m       resourced.local 5985   RESOURCEDC       [1m[31m[-][0m resourced.local\J.Johnson:fea5a148c14cf51590456b2102b29fac
[1m[34mWINRM[0m       resourced.local 5985   RESOURCEDC       [1m[31m[-][0m resourced.local\J.Johnson:08aca8ed17a9eec9fac4acdcb4652c35
[1m[34mWINRM[0m       resourced.local 5985   RESOURCEDC       [1m[31m[-][0m resourced.local\J.Johnson:62e16d17c3015c47b4d513e65ca757a2
[1m[34mWINRM[0m       resourced.local 5985   RESOURCEDC       [1m[31m[-][0m resourced.local\V.Ventz:12579b1666d4ac10f0f59f300776495f
[1m[34mWINRM[0m       resourced.local 5985   RESOURCEDC       [1m[31m[-][0m resourced.local\V.Ventz:31d6cfe0d16ae931b73c59d7e0c089c0
[1m[34mWINRM[0m       resourced.local 5985   RESOURCEDC       [1m[31m[-][0m resourced.local\V.Ventz:9ddb6f4d9d01fedeb4bccfb09df1b39d
[1m[34mWINRM[0m       resourced.local 5985   RESOURCEDC       [1m[31m[-][0m resourced.local\V.Ventz:3004b16f88664fbebfcb9ed272b0565b
[1m[34mWINRM[0m       resourced.local 5985   RESOURCEDC       [1m[31m[-][0m resourced.local\V.Ventz:3105e0f6af52aba8e11d19f27e487e45
[1m[34mWINRM[0m       resourced.local 5985   RESOURCEDC       [1m[31m[-][0m resourced.local\V.Ventz:204410cc5a7147cd52a04ddae6754b0c
[1m[34mWINRM[0m       resourced.local 5985   RESOURCEDC       [1m[31m[-][0m resourced.local\V.Ventz:19a3a7550ce8c505c2d46b5e39d6f808
[1m[34mWINRM[0m       resourced.local 5985   RESOURCEDC       [1m[31m[-][0m resourced.local\V.Ventz:3e028552b946cc4f282b72879f63b726
[1m[34mWINRM[0m       resourced.local 5985   RESOURCEDC       [1m[31m[-][0m resourced.local\V.Ventz:913c144caea1c0a936fd1ccb46929d3c
[1m[34mWINRM[0m       resourced.local 5985   RESOURCEDC       [1m[31m[-][0m resourced.local\V.Ventz:bd7c11a9021d2708eda561984f3c8939
[1m[34mWINRM[0m       resourced.local 5985   RESOURCEDC       [1m[31m[-][0m resourced.local\V.Ventz:980910b8fc2e4fe9d482123301dd19fe
[1m[34mWINRM[0m       resourced.local 5985   RESOURCEDC       [1m[31m[-][0m resourced.local\V.Ventz:fea5a148c14cf51590456b2102b29fac
[1m[34mWINRM[0m       resourced.local 5985   RESOURCEDC       [1m[31m[-][0m resourced.local\V.Ventz:08aca8ed17a9eec9fac4acdcb4652c35
[1m[34mWINRM[0m       resourced.local 5985   RESOURCEDC       [1m[31m[-][0m resourced.local\V.Ventz:62e16d17c3015c47b4d513e65ca757a2
[1m[34mWINRM[0m       resourced.local 5985   RESOURCEDC       [1m[31m[-][0m resourced.local\S.Swanson:12579b1666d4ac10f0f59f300776495f
[1m[34mWINRM[0m       resourced.local 5985   RESOURCEDC       [1m[31m[-][0m resourced.local\S.Swanson:31d6cfe0d16ae931b73c59d7e0c089c0
[1m[34mWINRM[0m       resourced.local 5985   RESOURCEDC       [1m[31m[-][0m resourced.local\S.Swanson:9ddb6f4d9d01fedeb4bccfb09df1b39d
[1m[34mWINRM[0m       resourced.local 5985   RESOURCEDC       [1m[31m[-][0m resourced.local\S.Swanson:3004b16f88664fbebfcb9ed272b0565b
[1m[34mWINRM[0m       resourced.local 5985   RESOURCEDC       [1m[31m[-][0m resourced.local\S.Swanson:3105e0f6af52aba8e11d19f27e487e45
[1m[34mWINRM[0m       resourced.local 5985   RESOURCEDC       [1m[31m[-][0m resourced.local\S.Swanson:204410cc5a7147cd52a04ddae6754b0c
[1m[34mWINRM[0m       resourced.local 5985   RESOURCEDC       [1m[31m[-][0m resourced.local\S.Swanson:19a3a7550ce8c505c2d46b5e39d6f808
[1m[34mWINRM[0m       resourced.local 5985   RESOURCEDC       [1m[31m[-][0m resourced.local\S.Swanson:3e028552b946cc4f282b72879f63b726
[1m[34mWINRM[0m       resourced.local 5985   RESOURCEDC       [1m[31m[-][0m resourced.local\S.Swanson:913c144caea1c0a936fd1ccb46929d3c
[1m[34mWINRM[0m       resourced.local 5985   RESOURCEDC       [1m[31m[-][0m resourced.local\S.Swanson:bd7c11a9021d2708eda561984f3c8939
[1m[34mWINRM[0m       resourced.local 5985   RESOURCEDC       [1m[31m[-][0m resourced.local\S.Swanson:980910b8fc2e4fe9d482123301dd19fe
[1m[34mWINRM[0m       resourced.local 5985   RESOURCEDC       [1m[31m[-][0m resourced.local\S.Swanson:fea5a148c14cf51590456b2102b29fac
[1m[34mWINRM[0m       resourced.local 5985   RESOURCEDC       [1m[31m[-][0m resourced.local\S.Swanson:08aca8ed17a9eec9fac4acdcb4652c35
[1m[34mWINRM[0m       resourced.local 5985   RESOURCEDC       [1m[31m[-][0m resourced.local\S.Swanson:62e16d17c3015c47b4d513e65ca757a2
[1m[34mWINRM[0m       resourced.local 5985   RESOURCEDC       [1m[31m[-][0m resourced.local\P.Parker:12579b1666d4ac10f0f59f300776495f
[1m[34mWINRM[0m       resourced.local 5985   RESOURCEDC       [1m[31m[-][0m resourced.local\P.Parker:31d6cfe0d16ae931b73c59d7e0c089c0
[1m[34mWINRM[0m       resourced.local 5985   RESOURCEDC       [1m[31m[-][0m resourced.local\P.Parker:9ddb6f4d9d01fedeb4bccfb09df1b39d
[1m[34mWINRM[0m       resourced.local 5985   RESOURCEDC       [1m[31m[-][0m resourced.local\P.Parker:3004b16f88664fbebfcb9ed272b0565b
[1m[34mWINRM[0m       resourced.local 5985   RESOURCEDC       [1m[31m[-][0m resourced.local\P.Parker:3105e0f6af52aba8e11d19f27e487e45
[1m[34mWINRM[0m       resourced.local 5985   RESOURCEDC       [1m[31m[-][0m resourced.local\P.Parker:204410cc5a7147cd52a04ddae6754b0c
[1m[34mWINRM[0m       resourced.local 5985   RESOURCEDC       [1m[31m[-][0m resourced.local\P.Parker:19a3a7550ce8c505c2d46b5e39d6f808
[1m[34mWINRM[0m       resourced.local 5985   RESOURCEDC       [1m[31m[-][0m resourced.local\P.Parker:3e028552b946cc4f282b72879f63b726
[1m[34mWINRM[0m       resourced.local 5985   RESOURCEDC       [1m[31m[-][0m resourced.local\P.Parker:913c144caea1c0a936fd1ccb46929d3c
[1m[34mWINRM[0m       resourced.local 5985   RESOURCEDC       [1m[31m[-][0m resourced.local\P.Parker:bd7c11a9021d2708eda561984f3c8939
[1m[34mWINRM[0m       resourced.local 5985   RESOURCEDC       [1m[31m[-][0m resourced.local\P.Parker:980910b8fc2e4fe9d482123301dd19fe
[1m[34mWINRM[0m       resourced.local 5985   RESOURCEDC       [1m[31m[-][0m resourced.local\P.Parker:fea5a148c14cf51590456b2102b29fac
[1m[34mWINRM[0m       resourced.local 5985   RESOURCEDC       [1m[31m[-][0m resourced.local\P.Parker:08aca8ed17a9eec9fac4acdcb4652c35
[1m[34mWINRM[0m       resourced.local 5985   RESOURCEDC       [1m[31m[-][0m resourced.local\P.Parker:62e16d17c3015c47b4d513e65ca757a2
[1m[34mWINRM[0m       resourced.local 5985   RESOURCEDC       [1m[31m[-][0m resourced.local\R.Robinson:12579b1666d4ac10f0f59f300776495f
[1m[34mWINRM[0m       resourced.local 5985   RESOURCEDC       [1m[31m[-][0m resourced.local\R.Robinson:31d6cfe0d16ae931b73c59d7e0c089c0
[1m[34mWINRM[0m       resourced.local 5985   RESOURCEDC       [1m[31m[-][0m resourced.local\R.Robinson:9ddb6f4d9d01fedeb4bccfb09df1b39d
[1m[34mWINRM[0m       resourced.local 5985   RESOURCEDC       [1m[31m[-][0m resourced.local\R.Robinson:3004b16f88664fbebfcb9ed272b0565b
[1m[34mWINRM[0m       resourced.local 5985   RESOURCEDC       [1m[31m[-][0m resourced.local\R.Robinson:3105e0f6af52aba8e11d19f27e487e45
[1m[34mWINRM[0m       resourced.local 5985   RESOURCEDC       [1m[31m[-][0m resourced.local\R.Robinson:204410cc5a7147cd52a04ddae6754b0c
[1m[34mWINRM[0m       resourced.local 5985   RESOURCEDC       [1m[31m[-][0m resourced.local\R.Robinson:19a3a7550ce8c505c2d46b5e39d6f808
[1m[34mWINRM[0m       resourced.local 5985   RESOURCEDC       [1m[31m[-][0m resourced.local\R.Robinson:3e028552b946cc4f282b72879f63b726
[1m[34mWINRM[0m       resourced.local 5985   RESOURCEDC       [1m[31m[-][0m resourced.local\R.Robinson:913c144caea1c0a936fd1ccb46929d3c
[1m[34mWINRM[0m       resourced.local 5985   RESOURCEDC       [1m[31m[-][0m resourced.local\R.Robinson:bd7c11a9021d2708eda561984f3c8939
[1m[34mWINRM[0m       resourced.local 5985   RESOURCEDC       [1m[31m[-][0m resourced.local\R.Robinson:980910b8fc2e4fe9d482123301dd19fe
[1m[34mWINRM[0m       resourced.local 5985   RESOURCEDC       [1m[31m[-][0m resourced.local\R.Robinson:fea5a148c14cf51590456b2102b29fac
[1m[34mWINRM[0m       resourced.local 5985   RESOURCEDC       [1m[31m[-][0m resourced.local\R.Robinson:08aca8ed17a9eec9fac4acdcb4652c35
[1m[34mWINRM[0m       resourced.local 5985   RESOURCEDC       [1m[31m[-][0m resourced.local\R.Robinson:62e16d17c3015c47b4d513e65ca757a2
[1m[34mWINRM[0m       resourced.local 5985   RESOURCEDC       [1m[31m[-][0m resourced.local\D.Durant:12579b1666d4ac10f0f59f300776495f
[1m[34mWINRM[0m       resourced.local 5985   RESOURCEDC       [1m[31m[-][0m resourced.local\D.Durant:31d6cfe0d16ae931b73c59d7e0c089c0
[1m[34mWINRM[0m       resourced.local 5985   RESOURCEDC       [1m[31m[-][0m resourced.local\D.Durant:9ddb6f4d9d01fedeb4bccfb09df1b39d
[1m[34mWINRM[0m       resourced.local 5985   RESOURCEDC       [1m[31m[-][0m resourced.local\D.Durant:3004b16f88664fbebfcb9ed272b0565b
[1m[34mWINRM[0m       resourced.local 5985   RESOURCEDC       [1m[31m[-][0m resourced.local\D.Durant:3105e0f6af52aba8e11d19f27e487e45
[1m[34mWINRM[0m       resourced.local 5985   RESOURCEDC       [1m[31m[-][0m resourced.local\D.Durant:204410cc5a7147cd52a04ddae6754b0c
[1m[34mWINRM[0m       resourced.local 5985   RESOURCEDC       [1m[31m[-][0m resourced.local\D.Durant:19a3a7550ce8c505c2d46b5e39d6f808
[1m[34mWINRM[0m       resourced.local 5985   RESOURCEDC       [1m[31m[-][0m resourced.local\D.Durant:3e028552b946cc4f282b72879f63b726
[1m[34mWINRM[0m       resourced.local 5985   RESOURCEDC       [1m[31m[-][0m resourced.local\D.Durant:913c144caea1c0a936fd1ccb46929d3c
[1m[34mWINRM[0m       resourced.local 5985   RESOURCEDC       [1m[31m[-][0m resourced.local\D.Durant:bd7c11a9021d2708eda561984f3c8939
[1m[34mWINRM[0m       resourced.local 5985   RESOURCEDC       [1m[31m[-][0m resourced.local\D.Durant:980910b8fc2e4fe9d482123301dd19fe
[1m[34mWINRM[0m       resourced.local 5985   RESOURCEDC       [1m[31m[-][0m resourced.local\D.Durant:fea5a148c14cf51590456b2102b29fac
[1m[34mWINRM[0m       resourced.local 5985   RESOURCEDC       [1m[31m[-][0m resourced.local\D.Durant:08aca8ed17a9eec9fac4acdcb4652c35
[1m[34mWINRM[0m       resourced.local 5985   RESOURCEDC       [1m[31m[-][0m resourced.local\D.Durant:62e16d17c3015c47b4d513e65ca757a2
[1m[34mWINRM[0m       resourced.local 5985   RESOURCEDC       [1m[31m[-][0m resourced.local\G.Goldberg:12579b1666d4ac10f0f59f300776495f
[1m[34mWINRM[0m       resourced.local 5985   RESOURCEDC       [1m[31m[-][0m resourced.local\G.Goldberg:31d6cfe0d16ae931b73c59d7e0c089c0
[1m[34mWINRM[0m       resourced.local 5985   RESOURCEDC       [1m[31m[-][0m resourced.local\G.Goldberg:9ddb6f4d9d01fedeb4bccfb09df1b39d
[1m[34mWINRM[0m       resourced.local 5985   RESOURCEDC       [1m[31m[-][0m resourced.local\G.Goldberg:3004b16f88664fbebfcb9ed272b0565b
[1m[34mWINRM[0m       resourced.local 5985   RESOURCEDC       [1m[31m[-][0m resourced.local\G.Goldberg:3105e0f6af52aba8e11d19f27e487e45
[1m[34mWINRM[0m       resourced.local 5985   RESOURCEDC       [1m[31m[-][0m resourced.local\G.Goldberg:204410cc5a7147cd52a04ddae6754b0c
[1m[34mWINRM[0m       resourced.local 5985   RESOURCEDC       [1m[31m[-][0m resourced.local\G.Goldberg:19a3a7550ce8c505c2d46b5e39d6f808
[1m[34mWINRM[0m       resourced.local 5985   RESOURCEDC       [1m[31m[-][0m resourced.local\G.Goldberg:3e028552b946cc4f282b72879f63b726
[1m[34mWINRM[0m       resourced.local 5985   RESOURCEDC       [1m[31m[-][0m resourced.local\G.Goldberg:913c144caea1c0a936fd1ccb46929d3c
[1m[34mWINRM[0m       resourced.local 5985   RESOURCEDC       [1m[31m[-][0m resourced.local\G.Goldberg:bd7c11a9021d2708eda561984f3c8939
[1m[34mWINRM[0m       resourced.local 5985   RESOURCEDC       [1m[31m[-][0m resourced.local\G.Goldberg:980910b8fc2e4fe9d482123301dd19fe
[1m[34mWINRM[0m       resourced.local 5985   RESOURCEDC       [1m[31m[-][0m resourced.local\G.Goldberg:fea5a148c14cf51590456b2102b29fac
[1m[34mWINRM[0m       resourced.local 5985   RESOURCEDC       [1m[31m[-][0m resourced.local\G.Goldberg:08aca8ed17a9eec9fac4acdcb4652c35
[1m[34mWINRM[0m       resourced.local 5985   RESOURCEDC       [1m[31m[-][0m resourced.local\G.Goldberg:62e16d17c3015c47b4d513e65ca757a2
