# Nmap 7.91 scan initiated Mon Aug 23 16:41:00 2021 as: nmap -A -v -p22,80,1198,1806,12401,19405,25475,46181,46895,51686,54032,55045,60415,60752,65249 -oN Knife/nmapOutput.log 10.10.10.242
Nmap scan report for 10.10.10.242 (10.10.10.242)
Host is up (0.60s latency).

PORT      STATE  SERVICE        VERSION
22/tcp    open   ssh            OpenSSH 8.2p1 Ubuntu 4ubuntu0.2 (Ubuntu Linux; protocol 2.0)
| ssh-hostkey: 
|   3072 be:54:9c:a3:67:c3:15:c3:64:71:7f:6a:53:4a:4c:21 (RSA)
|   256 bf:8a:3f:d4:06:e9:2e:87:4e:c9:7e:ab:22:0e:c0:ee (ECDSA)
|_  256 1a:de:a1:cc:37:ce:53:bb:1b:fb:2b:0b:ad:b3:f6:84 (ED25519)
80/tcp    open   http           Apache httpd 2.4.41 ((Ubuntu))
| http-methods: 
|_  Supported Methods: GET HEAD POST OPTIONS
|_http-server-header: Apache/2.4.41 (Ubuntu)
|_http-title:  Emergent Medical Idea
1198/tcp  closed cajo-discovery
1806/tcp  closed musiconline
12401/tcp closed unknown
19405/tcp closed unknown
25475/tcp closed unknown
46181/tcp closed unknown
46895/tcp closed unknown
51686/tcp closed unknown
54032/tcp closed unknown
55045/tcp closed unknown
60415/tcp closed unknown
60752/tcp closed unknown
65249/tcp closed unknown
No exact OS matches for host (If you know what OS is running on it, see https://nmap.org/submit/ ).
TCP/IP fingerprint:
OS:SCAN(V=7.91%E=4%D=8/23%OT=22%CT=1198%CU=34688%PV=Y%DS=2%DC=T%G=Y%TM=6124
OS:0822%P=x86_64-pc-linux-gnu)SEQ(SP=107%GCD=1%ISR=105%TI=Z%CI=Z%II=I%TS=9)
OS:OPS(O1=M54BST11NW7%O2=M54BST11NW7%O3=M54BNNT11NW7%O4=M54BST11NW7%O5=M54B
OS:ST11NW7%O6=M54BST11)WIN(W1=FE88%W2=FE88%W3=FE88%W4=FE88%W5=FE88%W6=FE88)
OS:ECN(R=Y%DF=Y%T=40%W=FAF0%O=M54BNNSNW7%CC=Y%Q=)T1(R=Y%DF=Y%T=40%S=O%A=S+%
OS:F=AS%RD=0%Q=)T2(R=N)T3(R=N)T4(R=Y%DF=Y%T=40%W=0%S=A%A=Z%F=R%O=%RD=0%Q=)T
OS:5(R=Y%DF=Y%T=40%W=0%S=Z%A=S+%F=AR%O=%RD=0%Q=)T6(R=Y%DF=Y%T=40%W=0%S=A%A=
OS:Z%F=R%O=%RD=0%Q=)T7(R=Y%DF=Y%T=40%W=0%S=Z%A=S+%F=AR%O=%RD=0%Q=)U1(R=Y%DF
OS:=N%T=40%IPL=164%UN=0%RIPL=G%RID=G%RIPCK=G%RUCK=G%RUD=G)IE(R=Y%DFI=N%T=40
OS:%CD=S)

Uptime guess: 27.160 days (since Tue Jul 27 12:51:49 2021)
Network Distance: 2 hops
TCP Sequence Prediction: Difficulty=262 (Good luck!)
IP ID Sequence Generation: All zeros
Service Info: OS: Linux; CPE: cpe:/o:linux:linux_kernel

TRACEROUTE (using port 54032/tcp)
HOP RTT       ADDRESS
1   620.19 ms 10.10.16.1 (10.10.16.1)
2   309.16 ms 10.10.10.242 (10.10.10.242)

Read data files from: /usr/bin/../share/nmap
OS and Service detection performed. Please report any incorrect results at https://nmap.org/submit/ .
# Nmap done at Mon Aug 23 16:42:10 2021 -- 1 IP address (1 host up) scanned in 70.78 seconds
