# Nmap 7.94 scan initiated Wed Oct 18 18:23:42 2023 as: nmap -sC -sV -Pn -o /home/kali/Desktop/repos/Writeups/HTB/ActiveDirectory101/Blackfield/nmap/nmap_manual.log 10.10.10.192
Nmap scan report for 10.10.10.192 (10.10.10.192)
Host is up (0.11s latency).
Not shown: 993 filtered tcp ports (no-response)
PORT     STATE SERVICE       VERSION
53/tcp   open  domain        Simple DNS Plus
88/tcp   open  kerberos-sec  Microsoft Windows Kerberos (server time: 2023-10-19 05:24:16Z)
135/tcp  open  msrpc         Microsoft Windows RPC
389/tcp  open  ldap          Microsoft Windows Active Directory LDAP (Domain: BLACKFIELD.local0., Site: Default-First-Site-Name)
445/tcp  open  microsoft-ds?
593/tcp  open  ncacn_http    Microsoft Windows RPC over HTTP 1.0
3268/tcp open  ldap          Microsoft Windows Active Directory LDAP (Domain: BLACKFIELD.local0., Site: Default-First-Site-Name)
Service Info: Host: DC01; OS: Windows; CPE: cpe:/o:microsoft:windows

Host script results:
| smb2-time: 
|   date: 2023-10-19T05:24:26
|_  start_date: N/A
| smb2-security-mode: 
|   3:1:1: 
|_    Message signing enabled and required
|_clock-skew: 7h00m14s

Service detection performed. Please report any incorrect results at https://nmap.org/submit/ .
# Nmap done at Wed Oct 18 18:24:50 2023 -- 1 IP address (1 host up) scanned in 68.59 seconds
