http://searcher.htb/search              [33m (Status: 405)[0m [Size: 153]
http://searcher.htb/grafton             [31m (Status: 503)[0m [Size: 377]
http://searcher.htb/lgwalsh06           [31m (Status: 503)[0m [Size: 377]
http://searcher.htb/20030127            [31m (Status: 503)[0m [Size: 377]
http://searcher.htb/indexw              [31m (Status: 503)[0m [Size: 377]
http://searcher.htb/middot              [31m (Status: 503)[0m [Size: 377]
http://searcher.htb/whoisjoe            [31m (Status: 503)[0m [Size: 377]
http://searcher.htb/grail               [31m (Status: 503)[0m [Size: 377]
http://searcher.htb/44538               [31m (Status: 503)[0m [Size: 377]
http://searcher.htb/intv                [31m (Status: 503)[0m [Size: 377]
http://searcher.htb/clam                [31m (Status: 503)[0m [Size: 377]
http://searcher.htb/onderwerp           [31m (Status: 503)[0m [Size: 377]
http://searcher.htb/whoisjim            [31m (Status: 503)[0m [Size: 377]
http://searcher.htb/brent               [31m (Status: 503)[0m [Size: 377]
http://searcher.htb/libflag             [31m (Status: 503)[0m [Size: 377]
http://searcher.htb/libertyd13a         [31m (Status: 503)[0m [Size: 377]
http://searcher.htb/pis                 [31m (Status: 503)[0m [Size: 377]
http://searcher.htb/gnuradio            [31m (Status: 503)[0m [Size: 377]
http://searcher.htb/gstamp              [31m (Status: 503)[0m [Size: 377]
http://searcher.htb/history405          [31m (Status: 503)[0m [Size: 377]
http://searcher.htb/bostondeclaration   [31m (Status: 503)[0m [Size: 377]
http://searcher.htb/gotcher2cristol     [31m (Status: 503)[0m [Size: 377]
http://searcher.htb/msg00309            [31m (Status: 503)[0m [Size: 377]
http://searcher.htb/8538                [31m (Status: 503)[0m [Size: 377]
http://searcher.htb/wrmea605            [31m (Status: 503)[0m [Size: 377]
http://searcher.htb/lg0031              [31m (Status: 503)[0m [Size: 377]
http://searcher.htb/thebiglie           [31m (Status: 503)[0m [Size: 377]
http://searcher.htb/15831               [31m (Status: 503)[0m [Size: 377]
http://searcher.htb/ruskreply           [31m (Status: 503)[0m [Size: 377]
http://searcher.htb/pressjune2005       [31m (Status: 503)[0m [Size: 377]
http://searcher.htb/lg0043              [31m (Status: 503)[0m [Size: 377]
http://searcher.htb/43985               [31m (Status: 503)[0m [Size: 377]
http://searcher.htb/001317              [31m (Status: 503)[0m [Size: 377]
http://searcher.htb/fraudanniversary    [31m (Status: 503)[0m [Size: 377]
http://searcher.htb/alexainviz          [31m (Status: 503)[0m [Size: 377]
http://searcher.htb/moorer5             [31m (Status: 503)[0m [Size: 377]
http://searcher.htb/fourships           [31m (Status: 503)[0m [Size: 377]
http://searcher.htb/spinrite            [31m (Status: 503)[0m [Size: 377]
http://searcher.htb/supportsurvivors    [31m (Status: 503)[0m [Size: 377]
http://searcher.htb/staringhilllettertosecnav[31m (Status: 503)[0m [Size: 377]
http://searcher.htb/plaqueorderforms    [31m (Status: 503)[0m [Size: 377]
http://searcher.htb/honorroll           [31m (Status: 503)[0m [Size: 377]
http://searcher.htb/Spirit              [31m (Status: 503)[0m [Size: 377]
http://searcher.htb/commissioningpennant[31m (Status: 503)[0m [Size: 377]
http://searcher.htb/crsept191967        [31m (Status: 503)[0m [Size: 377]
http://searcher.htb/lifetimemostcensored[31m (Status: 503)[0m [Size: 377]
http://searcher.htb/tordella            [31m (Status: 503)[0m [Size: 377]
http://searcher.htb/mcg2prez            [31m (Status: 503)[0m [Size: 377]
http://searcher.htb/sitering            [31m (Status: 503)[0m [Size: 377]
http://searcher.htb/weir                [31m (Status: 503)[0m [Size: 377]
http://searcher.htb/battleflaginviz     [31m (Status: 503)[0m [Size: 377]
http://searcher.htb/walsh06             [31m (Status: 503)[0m [Size: 377]
http://searcher.htb/yellowpg            [31m (Status: 503)[0m [Size: 377]
http://searcher.htb/libmemorial         [31m (Status: 503)[0m [Size: 377]
http://searcher.htb/mcgon2a             [31m (Status: 503)[0m [Size: 377]
http://searcher.htb/pravdura            [31m (Status: 503)[0m [Size: 377]
http://searcher.htb/altavistalogo       [31m (Status: 503)[0m [Size: 377]
http://searcher.htb/bronzecoin          [31m (Status: 503)[0m [Size: 377]
http://searcher.htb/silvercoin          [31m (Status: 503)[0m [Size: 377]
http://searcher.htb/udpflood            [31m (Status: 503)[0m [Size: 377]
http://searcher.htb/milnet00            [31m (Status: 503)[0m [Size: 377]
http://searcher.htb/newred2             [31m (Status: 503)[0m [Size: 377]
http://searcher.htb/sdunion1apr2004     [31m (Status: 503)[0m [Size: 377]
http://searcher.htb/l_red               [31m (Status: 503)[0m [Size: 377]
http://searcher.htb/7902                [31m (Status: 503)[0m [Size: 377]
http://searcher.htb/moorerfindings      [31m (Status: 503)[0m [Size: 377]
http://searcher.htb/ditw                [31m (Status: 503)[0m [Size: 377]
http://searcher.htb/nsa10               [31m (Status: 503)[0m [Size: 377]
http://searcher.htb/findleybook         [31m (Status: 503)[0m [Size: 377]
http://searcher.htb/mp3audio            [31m (Status: 503)[0m [Size: 377]
http://searcher.htb/mcgonaglesignedb    [31m (Status: 503)[0m [Size: 377]
http://searcher.htb/ussamericayearbook  [31m (Status: 503)[0m [Size: 377]
http://searcher.htb/limor               [31m (Status: 503)[0m [Size: 377]
http://searcher.htb/lentini             [31m (Status: 503)[0m [Size: 377]
http://searcher.htb/orenbook            [31m (Status: 503)[0m [Size: 377]
http://searcher.htb/becomemember        [31m (Status: 503)[0m [Size: 377]
http://searcher.htb/raanan              [31m (Status: 503)[0m [Size: 377]
http://searcher.htb/lib-logs            [31m (Status: 503)[0m [Size: 377]
http://searcher.htb/GoogleSummerOfCode2006[31m (Status: 503)[0m [Size: 377]
http://searcher.htb/lbjlibr             [31m (Status: 503)[0m [Size: 377]
http://searcher.htb/ipaddr              [31m (Status: 503)[0m [Size: 377]
http://searcher.htb/armstrongmedal      [31m (Status: 503)[0m [Size: 377]
http://searcher.htb/vfwresolution       [31m (Status: 503)[0m [Size: 377]
http://searcher.htb/provo               [31m (Status: 503)[0m [Size: 377]
http://searcher.htb/WF05a               [31m (Status: 503)[0m [Size: 377]
http://searcher.htb/capsule             [31m (Status: 503)[0m [Size: 377]
http://searcher.htb/lafayette           [31m (Status: 503)[0m [Size: 377]
http://searcher.htb/hartford            [31m (Status: 503)[0m [Size: 377]
http://searcher.htb/42825               [31m (Status: 503)[0m [Size: 377]
http://searcher.htb/Echo                [31m (Status: 503)[0m [Size: 377]
http://searcher.htb/cristol14jan04      [31m (Status: 503)[0m [Size: 377]
http://searcher.htb/bregman             [31m (Status: 503)[0m [Size: 377]
http://searcher.htb/idfhistoryreport    [31m (Status: 503)[0m [Size: 377]
http://searcher.htb/raviv               [31m (Status: 503)[0m [Size: 377]
http://searcher.htb/tourofduty          [31m (Status: 503)[0m [Size: 377]
http://searcher.htb/beaumont            [31m (Status: 503)[0m [Size: 377]
http://searcher.htb/wichita             [31m (Status: 503)[0m [Size: 377]
http://searcher.htb/43252               [31m (Status: 503)[0m [Size: 377]
http://searcher.htb/17289               [31m (Status: 503)[0m [Size: 377]
http://searcher.htb/fremont             [31m (Status: 503)[0m [Size: 377]
http://searcher.htb/45269               [31m (Status: 503)[0m [Size: 377]
http://searcher.htb/oct99               [31m (Status: 503)[0m [Size: 377]
http://searcher.htb/biztools            [31m (Status: 503)[0m [Size: 377]
http://searcher.htb/B000EPHR0C          [31m (Status: 503)[0m [Size: 377]
http://searcher.htb/17300               [31m (Status: 503)[0m [Size: 377]
http://searcher.htb/thepursuitofhappyness[31m (Status: 503)[0m [Size: 377]
http://searcher.htb/33098               [31m (Status: 503)[0m [Size: 377]
http://searcher.htb/right_bar           [31m (Status: 503)[0m [Size: 377]
http://searcher.htb/software1           [31m (Status: 503)[0m [Size: 377]
http://searcher.htb/ptb                 [31m (Status: 503)[0m [Size: 377]
http://searcher.htb/7678                [31m (Status: 503)[0m [Size: 377]
http://searcher.htb/003333              [31m (Status: 503)[0m [Size: 377]
http://searcher.htb/20030323            [31m (Status: 503)[0m [Size: 377]
http://searcher.htb/003315              [31m (Status: 503)[0m [Size: 377]
http://searcher.htb/42770               [31m (Status: 503)[0m [Size: 377]
http://searcher.htb/2000-April          [31m (Status: 503)[0m [Size: 377]
http://searcher.htb/003323              [31m (Status: 503)[0m [Size: 377]
http://searcher.htb/18995               [31m (Status: 503)[0m [Size: 377]
http://searcher.htb/mte                 [31m (Status: 503)[0m [Size: 377]
http://searcher.htb/002951              [31m (Status: 503)[0m [Size: 377]
http://searcher.htb/positive            [31m (Status: 503)[0m [Size: 377]
http://searcher.htb/31705               [31m (Status: 503)[0m [Size: 377]
http://searcher.htb/noshit              [31m (Status: 503)[0m [Size: 377]
http://searcher.htb/28213               [31m (Status: 503)[0m [Size: 377]
http://searcher.htb/28216               [31m (Status: 503)[0m [Size: 377]
http://searcher.htb/doc_icon            [31m (Status: 503)[0m [Size: 377]
http://searcher.htb/31210               [31m (Status: 503)[0m [Size: 377]
http://searcher.htb/000340              [31m (Status: 503)[0m [Size: 377]
http://searcher.htb/002578              [31m (Status: 503)[0m [Size: 377]
http://searcher.htb/003056              [31m (Status: 503)[0m [Size: 377]
http://searcher.htb/cb-faq              [31m (Status: 503)[0m [Size: 377]
http://searcher.htb/002427              [31m (Status: 503)[0m [Size: 377]
http://searcher.htb/002564              [31m (Status: 503)[0m [Size: 377]
http://searcher.htb/engin               [31m (Status: 503)[0m [Size: 377]
http://searcher.htb/31065               [31m (Status: 503)[0m [Size: 377]
http://searcher.htb/002667              [31m (Status: 503)[0m [Size: 377]
http://searcher.htb/nobanner            [31m (Status: 503)[0m [Size: 377]
http://searcher.htb/17282               [31m (Status: 503)[0m [Size: 377]
http://searcher.htb/002587              [31m (Status: 503)[0m [Size: 377]
http://searcher.htb/17283               [31m (Status: 503)[0m [Size: 377]
http://searcher.htb/sponsor_intuit      [31m (Status: 503)[0m [Size: 377]
http://searcher.htb/43250               [31m (Status: 503)[0m [Size: 377]
http://searcher.htb/doityourself        [31m (Status: 503)[0m [Size: 377]
http://searcher.htb/002645              [31m (Status: 503)[0m [Size: 377]
http://searcher.htb/anonwww             [31m (Status: 503)[0m [Size: 377]
http://searcher.htb/cliffor2            [31m (Status: 503)[0m [Size: 377]
http://searcher.htb/28165               [31m (Status: 503)[0m [Size: 377]
http://searcher.htb/flag_spanish        [31m (Status: 503)[0m [Size: 377]
http://searcher.htb/section508          [31m (Status: 503)[0m [Size: 377]
http://searcher.htb/39317               [31m (Status: 503)[0m [Size: 377]
http://searcher.htb/002929              [31m (Status: 503)[0m [Size: 377]
http://searcher.htb/anonwww_de          [31m (Status: 503)[0m [Size: 377]
http://searcher.htb/t7691               [31m (Status: 503)[0m [Size: 377]
http://searcher.htb/17349               [31m (Status: 503)[0m [Size: 377]
http://searcher.htb/002673              [31m (Status: 503)[0m [Size: 377]
http://searcher.htb/39318               [31m (Status: 503)[0m [Size: 377]
http://searcher.htb/Fairy               [31m (Status: 503)[0m [Size: 377]
http://searcher.htb/spons               [31m (Status: 503)[0m [Size: 377]
http://searcher.htb/rusk                [31m (Status: 503)[0m [Size: 377]
http://searcher.htb/icon-print          [31m (Status: 503)[0m [Size: 377]
http://searcher.htb/29661               [31m (Status: 503)[0m [Size: 377]
http://searcher.htb/003504              [31m (Status: 503)[0m [Size: 377]
http://searcher.htb/helmstext           [31m (Status: 503)[0m [Size: 377]
http://searcher.htb/bloggerDev          [31m (Status: 503)[0m [Size: 377]
http://searcher.htb/43986               [31m (Status: 503)[0m [Size: 377]
http://searcher.htb/Ragnarok            [31m (Status: 503)[0m [Size: 377]
http://searcher.htb/002253              [31m (Status: 503)[0m [Size: 377]
http://searcher.htb/002536              [31m (Status: 503)[0m [Size: 377]
http://searcher.htb/122226              [31m (Status: 503)[0m [Size: 377]
http://searcher.htb/Pandemonium         [31m (Status: 503)[0m [Size: 377]
http://searcher.htb/lang_de             [31m (Status: 503)[0m [Size: 377]
http://searcher.htb/spamking            [31m (Status: 503)[0m [Size: 377]
http://searcher.htb/ritz                [31m (Status: 503)[0m [Size: 377]
http://searcher.htb/003204              [31m (Status: 503)[0m [Size: 377]
http://searcher.htb/urenregistratie     [31m (Status: 503)[0m [Size: 377]
http://searcher.htb/003209              [31m (Status: 503)[0m [Size: 377]
http://searcher.htb/terry               [31m (Status: 503)[0m [Size: 377]
http://searcher.htb/CustomerProfile     [31m (Status: 503)[0m [Size: 377]
http://searcher.htb/icon_newsgator      [31m (Status: 503)[0m [Size: 377]
http://searcher.htb/003296              [31m (Status: 503)[0m [Size: 377]
http://searcher.htb/icon_rojo           [31m (Status: 503)[0m [Size: 377]
http://searcher.htb/26172               [31m (Status: 503)[0m [Size: 377]
http://searcher.htb/16170880            [31m (Status: 503)[0m [Size: 377]
http://searcher.htb/icon_technorati     [31m (Status: 503)[0m [Size: 377]
http://searcher.htb/icon_bloglines      [31m (Status: 503)[0m [Size: 377]
http://searcher.htb/27639               [31m (Status: 503)[0m [Size: 377]
http://searcher.htb/blinds              [31m (Status: 503)[0m [Size: 377]
http://searcher.htb/45384               [31m (Status: 503)[0m [Size: 377]
http://searcher.htb/17340               [31m (Status: 503)[0m [Size: 377]
http://searcher.htb/DSC                 [31m (Status: 503)[0m [Size: 377]
http://searcher.htb/gil                 [31m (Status: 503)[0m [Size: 377]
http://searcher.htb/45386               [31m (Status: 503)[0m [Size: 377]
http://searcher.htb/siding              [31m (Status: 503)[0m [Size: 377]
http://searcher.htb/45383               [31m (Status: 503)[0m [Size: 377]
http://searcher.htb/insulation          [31m (Status: 503)[0m [Size: 377]
http://searcher.htb/electronic_mail     [31m (Status: 503)[0m [Size: 377]
http://searcher.htb/17302               [31m (Status: 503)[0m [Size: 377]
http://searcher.htb/003200              [31m (Status: 503)[0m [Size: 377]
http://searcher.htb/45385               [31m (Status: 503)[0m [Size: 377]
http://searcher.htb/175247              [31m (Status: 503)[0m [Size: 377]
http://searcher.htb/2257_notice         [31m (Status: 503)[0m [Size: 377]
http://searcher.htb/nawigacja           [31m (Status: 503)[0m [Size: 377]
http://searcher.htb/angelina            [31m (Status: 503)[0m [Size: 377]
http://searcher.htb/urchin              [31m (Status: 503)[0m [Size: 377]
http://searcher.htb/124224              [31m (Status: 503)[0m [Size: 377]
http://searcher.htb/35588               [31m (Status: 503)[0m [Size: 377]
http://searcher.htb/fussball            [31m (Status: 503)[0m [Size: 377]
http://searcher.htb/35475               [31m (Status: 503)[0m [Size: 377]
http://searcher.htb/canberra            [31m (Status: 503)[0m [Size: 377]
http://searcher.htb/177391              [31m (Status: 503)[0m [Size: 377]
http://searcher.htb/fantasyworld        [31m (Status: 503)[0m [Size: 377]
http://searcher.htb/173595              [31m (Status: 503)[0m [Size: 377]
http://searcher.htb/veronica            [31m (Status: 503)[0m [Size: 377]
http://searcher.htb/kabaret             [31m (Status: 503)[0m [Size: 377]
http://searcher.htb/losowe              [31m (Status: 503)[0m [Size: 377]
http://searcher.htb/colossal            [31m (Status: 503)[0m [Size: 377]
http://searcher.htb/13600               [31m (Status: 503)[0m [Size: 377]
http://searcher.htb/new_header2         [31m (Status: 503)[0m [Size: 377]
http://searcher.htb/172275              [31m (Status: 503)[0m [Size: 377]
http://searcher.htb/protect_kids        [31m (Status: 503)[0m [Size: 377]
http://searcher.htb/17777               [31m (Status: 503)[0m [Size: 377]
http://searcher.htb/61534               [31m (Status: 503)[0m [Size: 377]
http://searcher.htb/173386              [31m (Status: 503)[0m [Size: 377]
http://searcher.htb/13732               [31m (Status: 503)[0m [Size: 377]
http://searcher.htb/kategoria-18        [31m (Status: 503)[0m [Size: 377]
http://searcher.htb/kategoria-17        [31m (Status: 503)[0m [Size: 377]
http://searcher.htb/makerooms           [31m (Status: 503)[0m [Size: 377]
http://searcher.htb/180055              [31m (Status: 503)[0m [Size: 377]
http://searcher.htb/174082              [31m (Status: 503)[0m [Size: 377]
http://searcher.htb/43773               [31m (Status: 503)[0m [Size: 377]
http://searcher.htb/antoine             [31m (Status: 503)[0m [Size: 377]
http://searcher.htb/fashion_jewelry     [31m (Status: 503)[0m [Size: 377]
http://searcher.htb/17136               [31m (Status: 503)[0m [Size: 377]
http://searcher.htb/kategoria-13        [31m (Status: 503)[0m [Size: 377]
http://searcher.htb/181368              [31m (Status: 503)[0m [Size: 377]
http://searcher.htb/gify                [31m (Status: 503)[0m [Size: 377]
http://searcher.htb/182890              [31m (Status: 503)[0m [Size: 377]
http://searcher.htb/181620              [31m (Status: 503)[0m [Size: 377]
http://searcher.htb/183939              [31m (Status: 503)[0m [Size: 377]
http://searcher.htb/kategoria-6         [31m (Status: 503)[0m [Size: 377]
http://searcher.htb/184194              [31m (Status: 503)[0m [Size: 377]
http://searcher.htb/186034              [31m (Status: 503)[0m [Size: 377]
http://searcher.htb/185074              [31m (Status: 503)[0m [Size: 377]
http://searcher.htb/LandingPage         [31m (Status: 503)[0m [Size: 377]
http://searcher.htb/search_01           [31m (Status: 503)[0m [Size: 377]
http://searcher.htb/177488              [31m (Status: 503)[0m [Size: 377]
http://searcher.htb/kategoria-2         [31m (Status: 503)[0m [Size: 377]
http://searcher.htb/180687              [31m (Status: 503)[0m [Size: 377]
http://searcher.htb/41128               [31m (Status: 503)[0m [Size: 377]
http://searcher.htb/174566              [31m (Status: 503)[0m [Size: 377]
http://searcher.htb/kategoria-7         [31m (Status: 503)[0m [Size: 377]
http://searcher.htb/181065              [31m (Status: 503)[0m [Size: 377]
http://searcher.htb/search_02           [31m (Status: 503)[0m [Size: 377]
http://searcher.htb/180919              [31m (Status: 503)[0m [Size: 377]
http://searcher.htb/181328              [31m (Status: 503)[0m [Size: 377]
http://searcher.htb/beheer              [31m (Status: 503)[0m [Size: 377]
http://searcher.htb/icon_find           [31m (Status: 503)[0m [Size: 377]
http://searcher.htb/kategoria-11        [31m (Status: 503)[0m [Size: 377]
http://searcher.htb/186693              [31m (Status: 503)[0m [Size: 377]
http://searcher.htb/24760               [31m (Status: 503)[0m [Size: 377]
http://searcher.htb/23574               [31m (Status: 503)[0m [Size: 377]
http://searcher.htb/booth               [31m (Status: 503)[0m [Size: 377]
http://searcher.htb/filecomplaint       [31m (Status: 503)[0m [Size: 377]
http://searcher.htb/certtips            [31m (Status: 503)[0m [Size: 377]
http://searcher.htb/printscreen         [31m (Status: 503)[0m [Size: 377]
http://searcher.htb/uscert_promo        [31m (Status: 503)[0m [Size: 377]
http://searcher.htb/16026               [31m (Status: 503)[0m [Size: 377]
http://searcher.htb/ogollogo            [31m (Status: 503)[0m [Size: 377]
http://searcher.htb/spacer_gray         [31m (Status: 503)[0m [Size: 377]
http://searcher.htb/stat24              [31m (Status: 503)[0m [Size: 377]
http://searcher.htb/st06-009            [31m (Status: 503)[0m [Size: 377]
http://searcher.htb/certalerts          [31m (Status: 503)[0m [Size: 377]
http://searcher.htb/37833               [31m (Status: 503)[0m [Size: 377]
http://searcher.htb/stopthinkclick      [31m (Status: 503)[0m [Size: 377]
http://searcher.htb/communicatie        [31m (Status: 503)[0m [Size: 377]
http://searcher.htb/linklogo            [31m (Status: 503)[0m [Size: 377]
http://searcher.htb/img05               [31m (Status: 503)[0m [Size: 377]
http://searcher.htb/20030304            [31m (Status: 503)[0m [Size: 377]
http://searcher.htb/hang                [31m (Status: 503)[0m [Size: 377]
http://searcher.htb/stc_tagline         [31m (Status: 503)[0m [Size: 377]
http://searcher.htb/ie5                 [31m (Status: 503)[0m [Size: 377]
http://searcher.htb/silent              [31m (Status: 503)[0m [Size: 377]
http://searcher.htb/mini6               [31m (Status: 503)[0m [Size: 377]
http://searcher.htb/45085               [31m (Status: 503)[0m [Size: 377]
http://searcher.htb/20020603            [31m (Status: 503)[0m [Size: 377]
http://searcher.htb/45340               [31m (Status: 503)[0m [Size: 377]
http://searcher.htb/56519               [31m (Status: 503)[0m [Size: 377]
http://searcher.htb/winhelp             [31m (Status: 503)[0m [Size: 377]
http://searcher.htb/nav_other           [31m (Status: 503)[0m [Size: 377]
http://searcher.htb/nav-community       [31m (Status: 503)[0m [Size: 377]
http://searcher.htb/56486               [31m (Status: 503)[0m [Size: 377]
http://searcher.htb/45414               [31m (Status: 503)[0m [Size: 377]
http://searcher.htb/32101               [31m (Status: 503)[0m [Size: 377]
http://searcher.htb/najmlodsze          [31m (Status: 503)[0m [Size: 377]
http://searcher.htb/EVERGREEN           [31m (Status: 503)[0m [Size: 377]
http://searcher.htb/45364               [31m (Status: 503)[0m [Size: 377]
http://searcher.htb/logo_ojp            [31m (Status: 503)[0m [Size: 377]
http://searcher.htb/faqs2               [31m (Status: 503)[0m [Size: 377]
http://searcher.htb/side_bottom         [31m (Status: 503)[0m [Size: 377]
http://searcher.htb/40588               [31m (Status: 503)[0m [Size: 377]
http://searcher.htb/arrow-left          [31m (Status: 503)[0m [Size: 377]
http://searcher.htb/Check Screenshots!  [31m (Status: 503)[0m [Size: 377]
http://searcher.htb/sles                [31m (Status: 503)[0m [Size: 377]
http://searcher.htb/168219              [31m (Status: 503)[0m [Size: 377]
http://searcher.htb/nav_map             [31m (Status: 503)[0m [Size: 377]
http://searcher.htb/20030320            [31m (Status: 503)[0m [Size: 377]
http://searcher.htb/42592               [31m (Status: 503)[0m [Size: 377]
http://searcher.htb/169782              [31m (Status: 503)[0m [Size: 377]
http://searcher.htb/pam-passwdqc        [31m (Status: 503)[0m [Size: 377]
http://searcher.htb/56491               [31m (Status: 503)[0m [Size: 377]
http://searcher.htb/debconf             [31m (Status: 503)[0m [Size: 377]
http://searcher.htb/Check All Tracker Features![31m (Status: 503)[0m [Size: 377]
http://searcher.htb/polskie             [31m (Status: 503)[0m [Size: 377]
http://searcher.htb/37198               [31m (Status: 503)[0m [Size: 377]
http://searcher.htb/10085               [31m (Status: 503)[0m [Size: 377]
http://searcher.htb/yourhome            [31m (Status: 503)[0m [Size: 377]
http://searcher.htb/41359               [31m (Status: 503)[0m [Size: 377]
http://searcher.htb/37344               [31m (Status: 503)[0m [Size: 377]
http://searcher.htb/10081               [31m (Status: 503)[0m [Size: 377]
http://searcher.htb/10079               [31m (Status: 503)[0m [Size: 377]
http://searcher.htb/44917               [31m (Status: 503)[0m [Size: 377]
http://searcher.htb/10075               [31m (Status: 503)[0m [Size: 377]
http://searcher.htb/10049               [31m (Status: 503)[0m [Size: 377]
http://searcher.htb/10063               [31m (Status: 503)[0m [Size: 377]
http://searcher.htb/ofac                [31m (Status: 503)[0m [Size: 377]
http://searcher.htb/10068               [31m (Status: 503)[0m [Size: 377]
http://searcher.htb/Programmes          [31m (Status: 503)[0m [Size: 377]
http://searcher.htb/10067               [31m (Status: 503)[0m [Size: 377]
http://searcher.htb/10076               [31m (Status: 503)[0m [Size: 377]
http://searcher.htb/10098               [31m (Status: 503)[0m [Size: 377]
http://searcher.htb/zoekmachines        [31m (Status: 503)[0m [Size: 377]
http://searcher.htb/189450_1            [31m (Status: 503)[0m [Size: 377]
http://searcher.htb/37191               [31m (Status: 503)[0m [Size: 377]
http://searcher.htb/10111               [31m (Status: 503)[0m [Size: 377]
http://searcher.htb/20011008            [31m (Status: 503)[0m [Size: 377]
http://searcher.htb/192468_1            [31m (Status: 503)[0m [Size: 377]
http://searcher.htb/sanctions           [31m (Status: 503)[0m [Size: 377]
http://searcher.htb/45062               [31m (Status: 503)[0m [Size: 377]
http://searcher.htb/hdr_sponsors        [31m (Status: 503)[0m [Size: 377]
http://searcher.htb/solicited           [31m (Status: 503)[0m [Size: 377]
http://searcher.htb/52259               [31m (Status: 503)[0m [Size: 377]
http://searcher.htb/192701_1            [31m (Status: 503)[0m [Size: 377]
http://searcher.htb/193289_1            [31m (Status: 503)[0m [Size: 377]
http://searcher.htb/193308_1            [31m (Status: 503)[0m [Size: 377]
http://searcher.htb/desktop-security    [31m (Status: 503)[0m [Size: 377]
http://searcher.htb/aollogo             [31m (Status: 503)[0m [Size: 377]
http://searcher.htb/VC                  [31m (Status: 503)[0m [Size: 377]
http://searcher.htb/060913              [31m (Status: 503)[0m [Size: 377]
http://searcher.htb/195154_1            [31m (Status: 503)[0m [Size: 377]
http://searcher.htb/aalogo              [31m (Status: 503)[0m [Size: 377]
http://searcher.htb/members_only        [31m (Status: 503)[0m [Size: 377]
http://searcher.htb/52170               [31m (Status: 503)[0m [Size: 377]
http://searcher.htb/massacre            [31m (Status: 503)[0m [Size: 377]
http://searcher.htb/22060               [31m (Status: 503)[0m [Size: 377]
http://searcher.htb/Geocaching          [31m (Status: 503)[0m [Size: 377]
http://searcher.htb/22155               [31m (Status: 503)[0m [Size: 377]
http://searcher.htb/barriers            [31m (Status: 503)[0m [Size: 377]
http://searcher.htb/22062               [31m (Status: 503)[0m [Size: 377]
http://searcher.htb/data-security       [31m (Status: 503)[0m [Size: 377]
http://searcher.htb/askjeeveslogo       [31m (Status: 503)[0m [Size: 377]
http://searcher.htb/encryption-software [31m (Status: 503)[0m [Size: 377]
http://searcher.htb/44918               [31m (Status: 503)[0m [Size: 377]
http://searcher.htb/acts2000            [31m (Status: 503)[0m [Size: 377]
http://searcher.htb/45021               [31m (Status: 503)[0m [Size: 377]
http://searcher.htb/45063               [31m (Status: 503)[0m [Size: 377]
http://searcher.htb/buton               [31m (Status: 503)[0m [Size: 377]
http://searcher.htb/31053               [31m (Status: 503)[0m [Size: 377]
http://searcher.htb/21665               [31m (Status: 503)[0m [Size: 377]
http://searcher.htb/193920              [31m (Status: 503)[0m [Size: 377]
http://searcher.htb/040103              [31m (Status: 503)[0m [Size: 377]
http://searcher.htb/kategoria-16        [31m (Status: 503)[0m [Size: 377]
http://searcher.htb/default_new         [31m (Status: 503)[0m [Size: 377]
http://searcher.htb/contact_web         [31m (Status: 503)[0m [Size: 377]
http://searcher.htb/kategoria-21        [31m (Status: 503)[0m [Size: 377]
http://searcher.htb/new_platinum        [31m (Status: 503)[0m [Size: 377]
http://searcher.htb/FT                  [31m (Status: 503)[0m [Size: 377]
http://searcher.htb/ecsplash            [31m (Status: 503)[0m [Size: 377]
http://searcher.htb/showcaseb           [31m (Status: 503)[0m [Size: 377]
http://searcher.htb/advies              [31m (Status: 503)[0m [Size: 377]
http://searcher.htb/showcasec           [31m (Status: 503)[0m [Size: 377]
http://searcher.htb/kategoria-22        [31m (Status: 503)[0m [Size: 377]
http://searcher.htb/kropek              [31m (Status: 503)[0m [Size: 377]
http://searcher.htb/submitad            [31m (Status: 503)[0m [Size: 377]
http://searcher.htb/191627              [31m (Status: 503)[0m [Size: 377]
http://searcher.htb/eCost               [31m (Status: 503)[0m [Size: 377]
http://searcher.htb/laska               [31m (Status: 503)[0m [Size: 377]
http://searcher.htb/20635               [31m (Status: 503)[0m [Size: 377]
http://searcher.htb/States              [31m (Status: 503)[0m [Size: 377]
http://searcher.htb/Rebates             [31m (Status: 503)[0m [Size: 377]
http://searcher.htb/188657              [31m (Status: 503)[0m [Size: 377]
http://searcher.htb/xeno                [31m (Status: 503)[0m [Size: 377]
http://searcher.htb/kategoria-19        [31m (Status: 503)[0m [Size: 377]
http://searcher.htb/gastronomia         [31m (Status: 503)[0m [Size: 377]
http://searcher.htb/kategoria-14        [31m (Status: 503)[0m [Size: 377]
http://searcher.htb/kategoria-15        [31m (Status: 503)[0m [Size: 377]
http://searcher.htb/getpaid             [31m (Status: 503)[0m [Size: 377]
http://searcher.htb/10136               [31m (Status: 503)[0m [Size: 377]
http://searcher.htb/10137               [31m (Status: 503)[0m [Size: 377]
http://searcher.htb/fortify             [31m (Status: 503)[0m [Size: 377]
http://searcher.htb/netcard             [31m (Status: 503)[0m [Size: 377]
http://searcher.htb/3-4                 [31m (Status: 503)[0m [Size: 377]
http://searcher.htb/Grants              [31m (Status: 503)[0m [Size: 377]
http://searcher.htb/22071               [31m (Status: 503)[0m [Size: 377]
http://searcher.htb/member-logon        [31m (Status: 503)[0m [Size: 377]
http://searcher.htb/44895               [31m (Status: 503)[0m [Size: 377]
http://searcher.htb/5-2                 [31m (Status: 503)[0m [Size: 377]
http://searcher.htb/CoresHome           [31m (Status: 503)[0m [Size: 377]
http://searcher.htb/10133               [31m (Status: 503)[0m [Size: 377]
http://searcher.htb/0764544683          [31m (Status: 503)[0m [Size: 377]
http://searcher.htb/signup_button       [31m (Status: 503)[0m [Size: 377]
http://searcher.htb/sklepy              [31m (Status: 503)[0m [Size: 377]
http://searcher.htb/3-2                 [31m (Status: 503)[0m [Size: 377]
http://searcher.htb/SRVS                [31m (Status: 503)[0m [Size: 377]
http://searcher.htb/ismMission          [31m (Status: 503)[0m [Size: 377]
http://searcher.htb/ismContactUs        [31m (Status: 503)[0m [Size: 377]
http://searcher.htb/52519               [31m (Status: 503)[0m [Size: 377]
http://searcher.htb/div898              [31m (Status: 503)[0m [Size: 377]
http://searcher.htb/52509               [31m (Status: 503)[0m [Size: 377]
http://searcher.htb/9645                [31m (Status: 503)[0m [Size: 377]
http://searcher.htb/menu_sub            [31m (Status: 503)[0m [Size: 377]
http://searcher.htb/52510               [31m (Status: 503)[0m [Size: 377]
http://searcher.htb/ismCalendar         [31m (Status: 503)[0m [Size: 377]
http://searcher.htb/Cartoon             [31m (Status: 503)[0m [Size: 377]
http://searcher.htb/7356                [31m (Status: 503)[0m [Size: 377]
http://searcher.htb/52514               [31m (Status: 503)[0m [Size: 377]
http://searcher.htb/wallstrom           [31m (Status: 503)[0m [Size: 377]
http://searcher.htb/tools1              [31m (Status: 503)[0m [Size: 377]
http://searcher.htb/52541               [31m (Status: 503)[0m [Size: 377]
http://searcher.htb/01269               [31m (Status: 503)[0m [Size: 377]
http://searcher.htb/52507               [31m (Status: 503)[0m [Size: 377]
http://searcher.htb/duke_lacrosse       [31m (Status: 503)[0m [Size: 377]
http://searcher.htb/52512               [31m (Status: 503)[0m [Size: 377]
http://searcher.htb/0849333466          [31m (Status: 503)[0m [Size: 377]
http://searcher.htb/adds                [31m (Status: 503)[0m [Size: 377]
http://searcher.htb/press01             [31m (Status: 503)[0m [Size: 377]
http://searcher.htb/0849311373          [31m (Status: 503)[0m [Size: 377]
http://searcher.htb/indict              [31m (Status: 503)[0m [Size: 377]
http://searcher.htb/eea                 [31m (Status: 503)[0m [Size: 377]
http://searcher.htb/img19               [31m (Status: 503)[0m [Size: 377]
http://searcher.htb/52518               [31m (Status: 503)[0m [Size: 377]
http://searcher.htb/12431               [31m (Status: 503)[0m [Size: 377]
http://searcher.htb/183660              [31m (Status: 503)[0m [Size: 377]
http://searcher.htb/52517               [31m (Status: 503)[0m [Size: 377]
http://searcher.htb/52515               [31m (Status: 503)[0m [Size: 377]
http://searcher.htb/49421               [31m (Status: 503)[0m [Size: 377]
http://searcher.htb/Matrix              [31m (Status: 503)[0m [Size: 377]
http://searcher.htb/109657              [31m (Status: 503)[0m [Size: 377]
http://searcher.htb/31619               [31m (Status: 503)[0m [Size: 377]
http://searcher.htb/52485               [31m (Status: 503)[0m [Size: 377]
http://searcher.htb/10143               [31m (Status: 503)[0m [Size: 377]
http://searcher.htb/j_woodruff16757     [31m (Status: 503)[0m [Size: 377]
http://searcher.htb/j_woodruff16388     [31m (Status: 503)[0m [Size: 377]
http://searcher.htb/52495               [31m (Status: 503)[0m [Size: 377]
http://searcher.htb/REC-CSS1            [31m (Status: 503)[0m [Size: 377]
http://searcher.htb/8462                [31m (Status: 503)[0m [Size: 377]
http://searcher.htb/7871                [31m (Status: 503)[0m [Size: 377]
http://searcher.htb/judy_woodruff       [31m (Status: 503)[0m [Size: 377]
http://searcher.htb/fannie_mae          [31m (Status: 503)[0m [Size: 377]
http://searcher.htb/0849317061          [31m (Status: 503)[0m [Size: 377]
http://searcher.htb/Contra              [31m (Status: 503)[0m [Size: 377]
http://searcher.htb/asterix             [31m (Status: 503)[0m [Size: 377]
http://searcher.htb/52458               [31m (Status: 503)[0m [Size: 377]
http://searcher.htb/183661              [31m (Status: 503)[0m [Size: 377]
http://searcher.htb/vbshout             [31m (Status: 503)[0m [Size: 377]
http://searcher.htb/Space_Shuttle       [31m (Status: 503)[0m [Size: 377]
http://searcher.htb/29179               [31m (Status: 503)[0m [Size: 377]
http://searcher.htb/22855               [31m (Status: 503)[0m [Size: 377]
http://searcher.htb/22866               [31m (Status: 503)[0m [Size: 377]
http://searcher.htb/15094               [31m (Status: 503)[0m [Size: 377]
http://searcher.htb/WWE                 [31m (Status: 503)[0m [Size: 377]
http://searcher.htb/29325               [31m (Status: 503)[0m [Size: 377]
http://searcher.htb/12578               [31m (Status: 503)[0m [Size: 377]
http://searcher.htb/22614               [31m (Status: 503)[0m [Size: 377]
http://searcher.htb/Desktops_videos     [31m (Status: 503)[0m [Size: 377]
http://searcher.htb/new_users           [31m (Status: 503)[0m [Size: 377]
http://searcher.htb/suburban_poverty    [31m (Status: 503)[0m [Size: 377]
http://searcher.htb/OO                  [31m (Status: 503)[0m [Size: 377]
http://searcher.htb/30041943            [31m (Status: 503)[0m [Size: 377]
http://searcher.htb/30041967            [31m (Status: 503)[0m [Size: 377]
http://searcher.htb/polis               [31m (Status: 503)[0m [Size: 377]
http://searcher.htb/B000EJ9MTW          [31m (Status: 503)[0m [Size: 377]
http://searcher.htb/trampoline          [31m (Status: 503)[0m [Size: 377]
http://searcher.htb/xPP-Digital_Cameras [31m (Status: 503)[0m [Size: 377]
http://searcher.htb/spellcheck          [31m (Status: 503)[0m [Size: 377]
http://searcher.htb/8837                [31m (Status: 503)[0m [Size: 377]
http://searcher.htb/24214               [31m (Status: 503)[0m [Size: 377]
http://searcher.htb/Debug               [31m (Status: 503)[0m [Size: 377]
http://searcher.htb/upgradeadvisor      [31m (Status: 503)[0m [Size: 377]
http://searcher.htb/30923               [31m (Status: 503)[0m [Size: 377]
http://searcher.htb/27560264            [31m (Status: 503)[0m [Size: 377]
http://searcher.htb/52583               [31m (Status: 503)[0m [Size: 377]
http://searcher.htb/red-baron           [31m (Status: 503)[0m [Size: 377]
http://searcher.htb/Computer_components [31m (Status: 503)[0m [Size: 377]
http://searcher.htb/straca              [31m (Status: 503)[0m [Size: 377]
http://searcher.htb/17734               [31m (Status: 503)[0m [Size: 377]
http://searcher.htb/10013               [31m (Status: 503)[0m [Size: 377]
http://searcher.htb/hlslaughter         [31m (Status: 503)[0m [Size: 377]
http://searcher.htb/videoblog           [31m (Status: 503)[0m [Size: 377]
http://searcher.htb/default_fr          [31m (Status: 503)[0m [Size: 377]
http://searcher.htb/10707               [31m (Status: 503)[0m [Size: 377]
http://searcher.htb/better_regulation   [31m (Status: 503)[0m [Size: 377]
http://searcher.htb/darwinia            [31m (Status: 503)[0m [Size: 377]
http://searcher.htb/29304               [31m (Status: 503)[0m [Size: 377]
http://searcher.htb/mar2002             [31m (Status: 503)[0m [Size: 377]
http://searcher.htb/55040               [31m (Status: 503)[0m [Size: 377]
http://searcher.htb/Lost-Planet         [31m (Status: 503)[0m [Size: 377]
http://searcher.htb/mnaku01             [31m (Status: 503)[0m [Size: 377]
http://searcher.htb/mp3man              [31m (Status: 503)[0m [Size: 377]
http://searcher.htb/issue36             [31m (Status: 503)[0m [Size: 377]
http://searcher.htb/002847              [31m (Status: 503)[0m [Size: 377]
http://searcher.htb/blogindex           [31m (Status: 503)[0m [Size: 377]
http://searcher.htb/palms               [31m (Status: 503)[0m [Size: 377]
http://searcher.htb/pfheath             [31m (Status: 503)[0m [Size: 377]
http://searcher.htb/feed16x16           [31m (Status: 503)[0m [Size: 377]
http://searcher.htb/New_Computers       [31m (Status: 503)[0m [Size: 377]
http://searcher.htb/21770               [31m (Status: 503)[0m [Size: 377]
http://searcher.htb/35933               [31m (Status: 503)[0m [Size: 377]
http://searcher.htb/box_bl              [31m (Status: 503)[0m [Size: 377]
http://searcher.htb/miti                [31m (Status: 503)[0m [Size: 377]
http://searcher.htb/box_tl              [31m (Status: 503)[0m [Size: 377]
http://searcher.htb/2006120610          [31m (Status: 503)[0m [Size: 377]
http://searcher.htb/box_br              [31m (Status: 503)[0m [Size: 377]
http://searcher.htb/8997                [31m (Status: 503)[0m [Size: 377]
http://searcher.htb/5-5                 [31m (Status: 503)[0m [Size: 377]
http://searcher.htb/box_tr              [31m (Status: 503)[0m [Size: 377]
http://searcher.htb/cidadao             [31m (Status: 503)[0m [Size: 377]
http://searcher.htb/Babel               [31m (Status: 503)[0m [Size: 377]
http://searcher.htb/miss                [31m (Status: 503)[0m [Size: 377]
http://searcher.htb/header_bot          [31m (Status: 503)[0m [Size: 377]
http://searcher.htb/showInformation     [31m (Status: 503)[0m [Size: 377]
http://searcher.htb/SERG                [31m (Status: 503)[0m [Size: 377]
http://searcher.htb/No                  [31m (Status: 503)[0m [Size: 377]
http://searcher.htb/_pdf                [31m (Status: 503)[0m [Size: 377]
http://searcher.htb/star_1              [31m (Status: 503)[0m [Size: 377]
http://searcher.htb/52425               [31m (Status: 503)[0m [Size: 377]
http://searcher.htb/52402               [31m (Status: 503)[0m [Size: 377]
http://searcher.htb/52401               [31m (Status: 503)[0m [Size: 377]
http://searcher.htb/alvaro              [31m (Status: 503)[0m [Size: 377]
http://searcher.htb/Macedonia           [31m (Status: 503)[0m [Size: 377]
http://searcher.htb/52395               [31m (Status: 503)[0m [Size: 377]
http://searcher.htb/cii                 [31m (Status: 503)[0m [Size: 377]
http://searcher.htb/165159              [31m (Status: 503)[0m [Size: 377]
http://searcher.htb/HELP                [31m (Status: 503)[0m [Size: 377]
http://searcher.htb/aircargo            [31m (Status: 503)[0m [Size: 377]
http://searcher.htb/11603               [31m (Status: 503)[0m [Size: 377]
http://searcher.htb/Iso                 [31m (Status: 503)[0m [Size: 377]
http://searcher.htb/warn-dl             [31m (Status: 503)[0m [Size: 377]
http://searcher.htb/tan-signup          [31m (Status: 503)[0m [Size: 377]
http://searcher.htb/52335               [31m (Status: 503)[0m [Size: 377]
http://searcher.htb/52400               [31m (Status: 503)[0m [Size: 377]
http://searcher.htb/hickmanj            [31m (Status: 503)[0m [Size: 377]
http://searcher.htb/aboutdod            [31m (Status: 503)[0m [Size: 377]
http://searcher.htb/may2001             [31m (Status: 503)[0m [Size: 377]
http://searcher.htb/12427               [31m (Status: 503)[0m [Size: 377]
http://searcher.htb/Momo26              [31m (Status: 503)[0m [Size: 377]
http://searcher.htb/1530000             [31m (Status: 503)[0m [Size: 377]
http://searcher.htb/logo9               [31m (Status: 503)[0m [Size: 377]
http://searcher.htb/icon-emailthis      [31m (Status: 503)[0m [Size: 377]
http://searcher.htb/phpThumb            [31m (Status: 503)[0m [Size: 377]
http://searcher.htb/tan3-save10         [31m (Status: 503)[0m [Size: 377]
http://searcher.htb/tan-readfreetab     [31m (Status: 503)[0m [Size: 377]
http://searcher.htb/skywagon            [31m (Status: 503)[0m [Size: 377]
http://searcher.htb/ibby                [31m (Status: 503)[0m [Size: 377]
http://searcher.htb/dorian              [31m (Status: 503)[0m [Size: 377]
http://searcher.htb/jews                [31m (Status: 503)[0m [Size: 377]
http://searcher.htb/52381               [31m (Status: 503)[0m [Size: 377]
http://searcher.htb/skimit              [31m (Status: 503)[0m [Size: 377]
http://searcher.htb/Desperate           [31m (Status: 503)[0m [Size: 377]
http://searcher.htb/41381               [31m (Status: 503)[0m [Size: 377]
http://searcher.htb/tinycov             [31m (Status: 503)[0m [Size: 377]
http://searcher.htb/afis                [31m (Status: 503)[0m [Size: 377]
http://searcher.htb/home_baseline       [31m (Status: 503)[0m [Size: 377]
http://searcher.htb/52378               [31m (Status: 503)[0m [Size: 377]
http://searcher.htb/dln                 [31m (Status: 503)[0m [Size: 377]
http://searcher.htb/Essay               [31m (Status: 503)[0m [Size: 377]
http://searcher.htb/Carnival            [31m (Status: 503)[0m [Size: 377]
http://searcher.htb/trafic              [31m (Status: 503)[0m [Size: 377]
http://searcher.htb/surfbits            [31m (Status: 503)[0m [Size: 377]
http://searcher.htb/hrule               [31m (Status: 503)[0m [Size: 377]
http://searcher.htb/home_digitallife    [31m (Status: 503)[0m [Size: 377]
http://searcher.htb/itmanagers          [31m (Status: 503)[0m [Size: 377]
http://searcher.htb/journalized-blue    [31m (Status: 503)[0m [Size: 377]
http://searcher.htb/166310              [31m (Status: 503)[0m [Size: 377]
http://searcher.htb/smallmedoffice      [31m (Status: 503)[0m [Size: 377]
http://searcher.htb/lumix               [31m (Status: 503)[0m [Size: 377]
http://searcher.htb/166311              [31m (Status: 503)[0m [Size: 377]
http://searcher.htb/home_egm            [31m (Status: 503)[0m [Size: 377]
http://searcher.htb/149928              [31m (Status: 503)[0m [Size: 377]
http://searcher.htb/home_1up            [31m (Status: 503)[0m [Size: 377]
http://searcher.htb/wordup              [31m (Status: 503)[0m [Size: 377]
http://searcher.htb/pcmag_home          [31m (Status: 503)[0m [Size: 377]
http://searcher.htb/166309              [31m (Status: 503)[0m [Size: 377]
http://searcher.htb/otherlinks          [31m (Status: 503)[0m [Size: 377]
http://searcher.htb/home_eweek          [31m (Status: 503)[0m [Size: 377]
http://searcher.htb/planet-lisp         [31m (Status: 503)[0m [Size: 377]
http://searcher.htb/jfk                 [31m (Status: 503)[0m [Size: 377]
http://searcher.htb/listrentals         [31m (Status: 503)[0m [Size: 377]
http://searcher.htb/integratedmedia     [31m (Status: 503)[0m [Size: 377]
http://searcher.htb/basbis              [31m (Status: 503)[0m [Size: 377]
http://searcher.htb/Easter              [31m (Status: 503)[0m [Size: 377]
http://searcher.htb/influencers         [31m (Status: 503)[0m [Size: 377]
http://searcher.htb/bg7                 [31m (Status: 503)[0m [Size: 377]
http://searcher.htb/egsummit            [31m (Status: 503)[0m [Size: 377]
http://searcher.htb/mycbc               [31m (Status: 503)[0m [Size: 377]
http://searcher.htb/Oddities            [31m (Status: 503)[0m [Size: 377]
http://searcher.htb/toi                 [31m (Status: 503)[0m [Size: 377]
http://searcher.htb/worry               [31m (Status: 503)[0m [Size: 377]
http://searcher.htb/40948               [31m (Status: 503)[0m [Size: 377]
http://searcher.htb/girokonto           [31m (Status: 503)[0m [Size: 377]
http://searcher.htb/home04              [31m (Status: 503)[0m [Size: 377]
http://searcher.htb/45969               [31m (Status: 503)[0m [Size: 377]
http://searcher.htb/hugh                [31m (Status: 503)[0m [Size: 377]
http://searcher.htb/57867               [31m (Status: 503)[0m [Size: 377]
http://searcher.htb/home03              [31m (Status: 503)[0m [Size: 377]
http://searcher.htb/remailer-list       [31m (Status: 503)[0m [Size: 377]
http://searcher.htb/homeuse             [31m (Status: 503)[0m [Size: 377]
http://searcher.htb/surprise            [31m (Status: 503)[0m [Size: 377]
http://searcher.htb/14451               [31m (Status: 503)[0m [Size: 377]
http://searcher.htb/vwimages            [31m (Status: 503)[0m [Size: 377]
http://searcher.htb/eweekex             [31m (Status: 503)[0m [Size: 377]
http://searcher.htb/pcmagtechex         [31m (Status: 503)[0m [Size: 377]
http://searcher.htb/61970               [31m (Status: 503)[0m [Size: 377]
http://searcher.htb/Stability           [31m (Status: 503)[0m [Size: 377]
http://searcher.htb/52568               [31m (Status: 503)[0m [Size: 377]
http://searcher.htb/66356               [31m (Status: 503)[0m [Size: 377]
http://searcher.htb/icon_pc             [31m (Status: 503)[0m [Size: 377]
http://searcher.htb/tribal-tattoos      [31m (Status: 503)[0m [Size: 377]
http://searcher.htb/archives_off        [31m (Status: 503)[0m [Size: 377]
http://searcher.htb/employment_opportunities[31m (Status: 503)[0m [Size: 377]
http://searcher.htb/cioalignsummit      [31m (Status: 503)[0m [Size: 377]
http://searcher.htb/ironcoder           [31m (Status: 503)[0m [Size: 377]
http://searcher.htb/voodoopad           [31m (Status: 503)[0m [Size: 377]
http://searcher.htb/basroisummit        [31m (Status: 503)[0m [Size: 377]
http://searcher.htb/41063               [31m (Status: 503)[0m [Size: 377]
http://searcher.htb/meinung             [31m (Status: 503)[0m [Size: 377]
http://searcher.htb/partnerprogramme    [31m (Status: 503)[0m [Size: 377]
http://searcher.htb/blondie             [31m (Status: 503)[0m [Size: 377]
http://searcher.htb/144717              [31m (Status: 503)[0m [Size: 377]
http://searcher.htb/cat-bewerbung       [31m (Status: 503)[0m [Size: 377]
http://searcher.htb/cat-sonstiges       [31m (Status: 503)[0m [Size: 377]
http://searcher.htb/home_eseminars      [31m (Status: 503)[0m [Size: 377]
http://searcher.htb/September2006       [31m (Status: 503)[0m [Size: 377]
http://searcher.htb/166296              [31m (Status: 503)[0m [Size: 377]
http://searcher.htb/21800               [31m (Status: 503)[0m [Size: 377]
http://searcher.htb/dsl-tarife          [31m (Status: 503)[0m [Size: 377]
http://searcher.htb/johnny-cash         [31m (Status: 503)[0m [Size: 377]
http://searcher.htb/11210               [31m (Status: 503)[0m [Size: 377]
http://searcher.htb/home_digitallifetv  [31m (Status: 503)[0m [Size: 377]
http://searcher.htb/313398              [31m (Status: 503)[0m [Size: 377]
http://searcher.htb/21755               [31m (Status: 503)[0m [Size: 377]
http://searcher.htb/cat-lebenslauf      [31m (Status: 503)[0m [Size: 377]
http://searcher.htb/ktm                 [31m (Status: 503)[0m [Size: 377]
http://searcher.htb/166297              [31m (Status: 503)[0m [Size: 377]
http://searcher.htb/gmx-dsl             [31m (Status: 503)[0m [Size: 377]
http://searcher.htb/home_webbuyersguide [31m (Status: 503)[0m [Size: 377]
http://searcher.htb/20221               [31m (Status: 503)[0m [Size: 377]
http://searcher.htb/45930               [31m (Status: 503)[0m [Size: 377]
http://searcher.htb/33660               [31m (Status: 503)[0m [Size: 377]
http://searcher.htb/About Us            [31m (Status: 503)[0m [Size: 377]
http://searcher.htb/166306              [31m (Status: 503)[0m [Size: 377]
http://searcher.htb/49893               [31m (Status: 503)[0m [Size: 377]
http://searcher.htb/82407               [31m (Status: 503)[0m [Size: 377]
http://searcher.htb/39330               [31m (Status: 503)[0m [Size: 377]
http://searcher.htb/home_opm            [31m (Status: 503)[0m [Size: 377]
http://searcher.htb/24000               [31m (Status: 503)[0m [Size: 377]
http://searcher.htb/103359              [31m (Status: 503)[0m [Size: 377]
http://searcher.htb/166298              [31m (Status: 503)[0m [Size: 377]
http://searcher.htb/9215                [31m (Status: 503)[0m [Size: 377]
http://searcher.htb/90053               [31m (Status: 503)[0m [Size: 377]
http://searcher.htb/arved               [31m (Status: 503)[0m [Size: 377]
http://searcher.htb/29005               [31m (Status: 503)[0m [Size: 377]
http://searcher.htb/home_cgw            [31m (Status: 503)[0m [Size: 377]
http://searcher.htb/29072               [31m (Status: 503)[0m [Size: 377]
http://searcher.htb/webkatalog          [31m (Status: 503)[0m [Size: 377]
http://searcher.htb/job_opportunities   [31m (Status: 503)[0m [Size: 377]
http://searcher.htb/home_pcmag          [31m (Status: 503)[0m [Size: 377]
http://searcher.htb/166300              [31m (Status: 503)[0m [Size: 377]
http://searcher.htb/166301              [31m (Status: 503)[0m [Size: 377]
http://searcher.htb/home_cioinsight     [31m (Status: 503)[0m [Size: 377]
http://searcher.htb/jik                 [31m (Status: 503)[0m [Size: 377]
http://searcher.htb/menu_13             [31m (Status: 503)[0m [Size: 377]
http://searcher.htb/galatasaray         [31m (Status: 503)[0m [Size: 377]
http://searcher.htb/topgunita           [31m (Status: 503)[0m [Size: 377]
http://searcher.htb/rewiredmind         [31m (Status: 503)[0m [Size: 377]
http://searcher.htb/tattoo-vorlagen     [31m (Status: 503)[0m [Size: 377]
http://searcher.htb/Cpp                 [31m (Status: 503)[0m [Size: 377]
http://searcher.htb/cclass              [31m (Status: 503)[0m [Size: 377]
http://searcher.htb/rhompie             [31m (Status: 503)[0m [Size: 377]
http://searcher.htb/EducationTraining   [31m (Status: 503)[0m [Size: 377]
http://searcher.htb/zamek               [31m (Status: 503)[0m [Size: 377]
http://searcher.htb/saveflash           [31m (Status: 503)[0m [Size: 377]
http://searcher.htb/38352               [31m (Status: 503)[0m [Size: 377]
http://searcher.htb/white-pixel         [31m (Status: 503)[0m [Size: 377]
http://searcher.htb/press2              [31m (Status: 503)[0m [Size: 377]
http://searcher.htb/Rhapsody_4          [31m (Status: 503)[0m [Size: 377]
http://searcher.htb/jacobzeairs         [31m (Status: 503)[0m [Size: 377]
http://searcher.htb/advs                [31m (Status: 503)[0m [Size: 377]
http://searcher.htb/9999                [31m (Status: 503)[0m [Size: 377]
http://searcher.htb/yojimbo             [31m (Status: 503)[0m [Size: 377]
http://searcher.htb/52549               [31m (Status: 503)[0m [Size: 377]
http://searcher.htb/18764               [31m (Status: 503)[0m [Size: 377]
http://searcher.htb/44069               [31m (Status: 503)[0m [Size: 377]
http://searcher.htb/52414               [31m (Status: 503)[0m [Size: 377]
http://searcher.htb/sc_livescience      [31m (Status: 503)[0m [Size: 377]
http://searcher.htb/4_dot               [31m (Status: 503)[0m [Size: 377]
http://searcher.htb/28222               [31m (Status: 503)[0m [Size: 377]
http://searcher.htb/od_nm               [31m (Status: 503)[0m [Size: 377]
http://searcher.htb/Patterns            [31m (Status: 503)[0m [Size: 377]
http://searcher.htb/set_market          [31m (Status: 503)[0m [Size: 377]
http://searcher.htb/hll                 [31m (Status: 503)[0m [Size: 377]
http://searcher.htb/24194               [31m (Status: 503)[0m [Size: 377]
http://searcher.htb/gettinginvolved     [31m (Status: 503)[0m [Size: 377]
http://searcher.htb/headstart           [31m (Status: 503)[0m [Size: 377]
http://searcher.htb/18288               [31m (Status: 503)[0m [Size: 377]
http://searcher.htb/whosnext            [31m (Status: 503)[0m [Size: 377]
http://searcher.htb/sst                 [31m (Status: 503)[0m [Size: 377]
http://searcher.htb/viewsource          [31m (Status: 503)[0m [Size: 377]
http://searcher.htb/halvaro             [31m (Status: 503)[0m [Size: 377]
http://searcher.htb/private-krankenversicherung[31m (Status: 503)[0m [Size: 377]
http://searcher.htb/quikfacts           [31m (Status: 503)[0m [Size: 377]
http://searcher.htb/Steve_R             [31m (Status: 503)[0m [Size: 377]
http://searcher.htb/139469              [31m (Status: 503)[0m [Size: 377]
http://searcher.htb/berufsunfaehigkeitsversicherung[31m (Status: 503)[0m [Size: 377]
http://searcher.htb/12573               [31m (Status: 503)[0m [Size: 377]
http://searcher.htb/11915               [31m (Status: 503)[0m [Size: 377]
http://searcher.htb/inking              [31m (Status: 503)[0m [Size: 377]
http://searcher.htb/Symbols             [31m (Status: 503)[0m [Size: 377]
http://searcher.htb/18615               [31m (Status: 503)[0m [Size: 377]
http://searcher.htb/Fiji                [31m (Status: 503)[0m [Size: 377]
http://searcher.htb/tyrantiger          [31m (Status: 503)[0m [Size: 377]
http://searcher.htb/8864                [31m (Status: 503)[0m [Size: 377]
http://searcher.htb/Weber               [31m (Status: 503)[0m [Size: 377]
http://searcher.htb/lehrstellen         [31m (Status: 503)[0m [Size: 377]
http://searcher.htb/TechWiz             [31m (Status: 503)[0m [Size: 377]
http://searcher.htb/8814                [31m (Status: 503)[0m [Size: 377]
http://searcher.htb/bigbore             [31m (Status: 503)[0m [Size: 377]
http://searcher.htb/ting                [31m (Status: 503)[0m [Size: 377]
http://searcher.htb/173436              [31m (Status: 503)[0m [Size: 377]
http://searcher.htb/construction-jobs   [31m (Status: 503)[0m [Size: 377]
http://searcher.htb/Radius              [31m (Status: 503)[0m [Size: 377]
http://searcher.htb/relatedstories      [31m (Status: 503)[0m [Size: 377]
http://searcher.htb/cenlogo             [31m (Status: 503)[0m [Size: 377]
http://searcher.htb/linkinfo            [31m (Status: 503)[0m [Size: 377]
http://searcher.htb/3gpp                [31m (Status: 503)[0m [Size: 377]
http://searcher.htb/gleem               [31m (Status: 503)[0m [Size: 377]
http://searcher.htb/hitachi_truestories [31m (Status: 503)[0m [Size: 377]
http://searcher.htb/8797                [31m (Status: 503)[0m [Size: 377]
http://searcher.htb/engineering-jobs    [31m (Status: 503)[0m [Size: 377]
http://searcher.htb/bl_corner           [31m (Status: 503)[0m [Size: 377]
http://searcher.htb/mbp                 [31m (Status: 503)[0m [Size: 377]
http://searcher.htb/ipod_accessories    [31m (Status: 503)[0m [Size: 377]
http://searcher.htb/freewebgames        [31m (Status: 503)[0m [Size: 377]
http://searcher.htb/indexb              [31m (Status: 503)[0m [Size: 377]
http://searcher.htb/Fuentes             [31m (Status: 503)[0m [Size: 377]
http://searcher.htb/server-status       [33m (Status: 403)[0m [Size: 277]
