- Nikto v2.5.0
---------------------------------------------------------------------------
+ Target IP:          192.168.162.122
+ Target Hostname:    192.168.162.122
+ Target Port:        80
+ Start Time:         2023-06-26 14:57:39 (GMT-4)
---------------------------------------------------------------------------
+ Server: Microsoft-IIS/10.0
+ /: Retrieved x-powered-by header: ASP.NET.
+ /: The anti-clickjacking X-Frame-Options header is not present. See: https://developer.mozilla.org/en-US/docs/Web/HTTP/Headers/X-Frame-Options
+ /: The X-Content-Type-Options header is not set. This could allow the user agent to render the content of the site in a different fashion to the MIME type. See: https://www.netsparker.com/web-vulnerability-scanner/vulnerabilities/missing-content-type-header/
+ /dAI9EX8s.: Retrieved x-aspnet-version header: 4.0.30319.
+ No CGI Directories found (use '-C all' to force check all possible dirs)
+ OPTIONS: Allowed HTTP Methods: OPTIONS, TRACE, GET, HEAD, POST, PROPFIND, PROPPATCH, MKCOL, PUT, DELETE, COPY, MOVE, LOCK, UNLOCK .
+ HTTP method ('Allow' Header): 'PUT' method could allow clients to save files on the web server.
+ HTTP method ('Allow' Header): 'DELETE' may allow clients to remove files on the web server.
+ HTTP method ('Allow' Header): 'MOVE' may allow clients to change file locations on the web server.
+ OPTIONS: Public HTTP Methods: OPTIONS, TRACE, GET, HEAD, POST, PROPFIND, PROPPATCH, MKCOL, PUT, DELETE, COPY, MOVE, LOCK, UNLOCK .
+ HTTP method ('Public' Header): 'PUT' method could allow clients to save files on the web server.
+ HTTP method ('Public' Header): 'DELETE' may allow clients to remove files on the web server.
+ HTTP method ('Public' Header): 'MOVE' may allow clients to change file locations on the web server.
+ OPTIONS: WebDAV enabled (PROPFIND PROPPATCH UNLOCK COPY LOCK MKCOL listed as allowed).
+ 8254 requests: 0 error(s) and 13 item(s) reported on remote host
+ End Time:           2023-06-26 15:03:59 (GMT-4) (380 seconds)
---------------------------------------------------------------------------
+ 1 host(s) tested
