# Nmap 7.94 scan initiated Mon Jun 26 15:04:16 2023 as: nmap --script=smb-vuln* --script-args=unsafe=1 -T5 -o nmap/nmapVuln.log 192.168.162.122
Nmap scan report for 192.168.162.122 (192.168.162.122)
Host is up (0.037s latency).
Not shown: 988 filtered tcp ports (no-response)
PORT     STATE SERVICE
53/tcp   open  domain
80/tcp   open  http
88/tcp   open  kerberos-sec
135/tcp  open  msrpc
139/tcp  open  netbios-ssn
389/tcp  open  ldap
445/tcp  open  microsoft-ds
464/tcp  open  kpasswd5
593/tcp  open  http-rpc-epmap
636/tcp  open  ldapssl
3268/tcp open  globalcatLDAP
3269/tcp open  globalcatLDAPssl

Host script results:
|_smb-vuln-ms10-054: ERROR: Script execution failed (use -d to debug)
|_smb-vuln-ms10-061: Could not negotiate a connection:SMB: Failed to receive bytes: ERROR

# Nmap done at Mon Jun 26 15:04:33 2023 -- 1 IP address (1 host up) scanned in 16.62 seconds
