00.txt:_MY_
00.txt:_WILL_
00.txt:_TOO_
00.txt:_CITY_
00.txt:_HAD_
00.txt:_KNOW_
00.txt:_INTO_
00.txt:_CITY_
00.txt:_KNOW_
00.txt:_OUR_
00.txt:_GALL_
00.txt:_HIM_
00.txt:_HOW_
00.txt:_DID_
00.txt:_I_
00.txt:_A COUNCILMAN!_
00.txt:_I'LL_
00.txt:_CAN_
00.txt:_HOW_
00.txt:_START_
00.txt:_I_
00.txt:_WHAT_
01.txt:_NOT_
01.txt:_COULD_
01.txt:_NO_
01.txt:_CUT_ YOUR SCRAGGLY LAWNS! _TRIM_
01.txt:_BY FAR_
01.txt:_WHAT_
01.txt:_YOUR_ TOWN, BUT NOT AROUND _MY_
02.txt:_HOW_
02.txt:_WILL_
02.txt:_WAS_ IT A CIRCUS? _IT WAS!!_
02.txt:_IS_
02.txt:_ANY_
02.txt:_HIM_
02.txt:_HUMANS_:--_
02.txt:_PHYSICAL_
02.txt:_I_
02.txt:_TWO QUIT INSTANTLY_
02.txt:_ANYBODY_
02.txt:_BOY!_
02.txt:_CAN_
02.txt:_WAS_
03.txt:_CAN_
03.txt:_ANY_
03.txt:_MIGHTY MAD!!_
03.txt:_HUMANS_
03.txt:_BRAIN_
03.txt:_IS_
04.txt:_NOT_
04.txt:_HUMAN_
04.txt:_THAT BLOSSOM_
04.txt:_MILLIONS_
05.txt:_THIS_
05.txt:_YOU_
05.txt:_SHALL_
05.txt:_I_
05.txt:_WILD_
05.txt:_HAD_
05.txt:_GRAND_
05.txt:_HISTORY!_
06.txt:_ALL_
06.txt:_AND_
06.txt:_MIGHT_
06.txt:_I_
06.txt:_I_
06.txt:_CANVAS_
06.txt:_WILL_
06.txt:_SIXTY_-FOOT ANACONDA, ANY DAY, FOR _YOU_
06.txt:_CANNOT_
06.txt:_NO_
06.txt:_NOT_
06.txt:_HOLD_
06.txt:_MAY_
07.txt:_YOUNG_
07.txt:_WOULD_
07.txt:_HAD_
07.txt:_YOUR_
07.txt:_MOB_
07.txt:_WOULDN'T_
07.txt:_NO_
08.txt:_WHAT_
08.txt:_AS_
08.txt:_SO_
08.txt:_NO, SIR!!_ NOT FOR _MY_
09.txt:_ACTUALLY_
09.txt:_NOT_
09.txt:_GRANDCHILD_
09.txt:_YOUTH!!_
09.txt:_THAT_
10.txt:_THIS_
10.txt:_WALK_ ACROSS THAT FRONT CHURCH YARD, I CAN _
10.txt:_TOOK_
10.txt:_COULD_
10.txt:_GLORIOUS_
10.txt:_WHAT_
10.txt:_ONLY_
10.txt:_RUSH! RUSH! RUSH!_
10.txt:_NOT_
10.txt:_LOOK_
10.txt:_LOOK_
10.txt:_AHA!!_
10.txt:_SO_
10.txt:_FUN_
10.txt:_ALL ABOARD!!_
11.txt:_KNOW_ IT IS. BUT, _IS_
11.txt:_YOU_
11.txt:_YOU_
11.txt:_HOW_
11.txt:_AND DID NANCY LOOK GOOD TO BRANTON HILLS?_ _WHAT_
11.txt:_AH!!_
11.txt:_HOW_
12.txt:_SO_
12.txt:_MY_
12.txt:_GOT_
12.txt:_THINK_
12.txt:_THINK_
12.txt:_ACQUISITION_; AN _ART_
12.txt:_SHOULD_
12.txt:_HOW_
12.txt:_NOT_
12.txt:_NOW_
12.txt:_NOT_
12.txt:_GOSH_, MAN!! I WAS _HUNGRY!!_
12.txt:_WAS_
12.txt:_SAY!!_ I ONLY GOT _HALF_
12.txt:_HURT!!_ I SHOULD SAY _NOT!!_
12.txt:_THIS_
12.txt:_HOW_
13.txt:_SHOULD_
13.txt:_WAS_
13.txt:_THOUGHT_
13.txt:_NO, SIR!!_
13.txt:_THIS_
13.txt:_HOW_
13.txt:_ISN'T ANYBODY AROUND, AT ALL?_
13.txt:_AH!!_
13.txt:_AND SMILING!!_
13.txt:_WAY_
13.txt:_YOUR_
14.txt:_DUMPING_
14.txt:_IS_ IT, TOM? _QUICK!!_
14.txt:_NOT FOR AN INSTANT_
14.txt:_DOCTOR_
14.txt:_DRUNK_; _HORRIBLY_
14.txt:_DRUNK!!_
14.txt:_DRUNK!_ _DRUNK!!_ _MY_
14.txt:_GOT_
14.txt:_COULD_
14.txt:_ALL_
14.txt:_DON'T!!_ I _CAN'T_ DRINK IT! OH! I'M _SO_
14.txt:_AHA! AHA! NORMAN!_ SO _THAT'S_
14.txt:_COURT!!_
14.txt:_BURN_
14.txt:_WHAT?_ HIGH SCHOOL BOYS _FORCING_
14.txt:_NOT OF COUNCILMAN ANTOR?_
14.txt:_FIRST_
14.txt:_FULL_
14.txt:_HUSH_
14.txt:_AM_ A CRY-BABY! AND I ALWAYS _WILL_
14.txt:_HAD_
14.txt:_NINA!_ THIS IS A _COURT ROOM_
14.txt:_CONTINUOUSLY_
15.txt:_AW!!_
15.txt:_NOW_
15.txt:_FROM_
15.txt:_FURIOUSLY MAD_
15.txt:_AUCTION!!_
15.txt:_WHAT?_
15.txt:_ONLY_
15.txt:_AUCTION! BAH!!_
15.txt:_WITHOUT FAIL_
15.txt:_FOUR!_
15.txt:_THAT'S_
15.txt:_KNOW_
15.txt:_JOHN!!_
15.txt:_KNOW_
15.txt:_WALLOP_
15.txt:_THAT_
15.txt:_SOLD! ALL FOUR TO LADY STANDISH!!_
15.txt:_YOU_
15.txt:_NOW_
15.txt:_YOU_
16.txt:_NOW_
16.txt:_NO_
16.txt:_MIGHT_
16.txt:_OLD_
16.txt:_HALF_
16.txt:_AT_
16.txt:_RADIANTLY_
16.txt:_WILL_
17.txt:_WOULD!!_
17.txt:_CAN_
17.txt:_OLD GROUCH!!_
17.txt:_POOH-POOH_, BILL SIMPKINS!" SAID LADY S. "WHY _SHOULDN'T_
17.txt:_NO!!_
17.txt:_BALM_ ON A _CAT'S_ FOOT!! _BAH!_
17.txt:_NO!_
17.txt:_WHAT_
17.txt:_DID_
17.txt:_AND_
17.txt:_MUSIC_
17.txt:_CAN_
17.txt:_NUTHIN'!_
17.txt:_IS_
17.txt:_HOW_
17.txt:_MAN'S_ WORK. PSHAW!! WHAT GOOD AM _I_
17.txt:_CAN_
17.txt:_NOT_
17.txt:_DON'T_
17.txt:_I_
18.txt:_WHAT!_
18.txt:_BAH!!_
18.txt:_THROWS IT AWAY!_
18.txt:_GO!!_
18.txt:_I_
18.txt:_BILL SIMPKINS_
18.txt:_WHAT_
18.txt:_WOULD_
18.txt:_SHOULD_
18.txt:_I_
18.txt:_OUGHT_
18.txt:_CAN_
18.txt:_JUST COULDN'T_
18.txt:_YOUR_
18.txt:_ROAR_
18.txt:_YOU'LL_
18.txt:_WHAT!!_
18.txt:_SO_
18.txt:_BURST!_
18.txt:_GRAND!_
19.txt:_MAY_
19.txt:_HAS_
19.txt:_FAIRY_
19.txt:_MUCH_
19.txt:_THIS_
19.txt:_HAD_
19.txt:_US_
19.txt:_A_
20.txt:_UGH!!_
20.txt:_NOW_ LOOK AT HIM! A _COMMON DRUNK!!_
20.txt:_HORRID!_
20.txt:_MADAM_
20.txt:_FULL_
20.txt:_GO_
20.txt:_UGH!!_
20.txt:_TABOO_
20.txt:_WHOA_
20.txt:_YOU_
21.txt:_WHO_
21.txt:_WHAT!_
21.txt:_MAN_
21.txt:_DID_
21.txt:_SUCH_
21.txt:_BALLOTS_, DARLING; _THOUSANDS_
21.txt:_OH!_ _WHAT_
21.txt:_ONWARD!!_
21.txt:_MIGHTY LONG_
21.txt:_FROM NOW_ LOOKS AWFULLY FAR OFF; BUT _LAST MONTH_
22.txt:_IS_
22.txt:_IN!!_ MY, NO! _I_
22.txt:_CAN!_
22.txt:_NO_ FAIRY BOOK _COULD_
22.txt:_DUMB!_
22.txt:_SO_
22.txt:_O-H-H-H-H!!_
22.txt:_DO_
22.txt:_MY_ PARLOR IS AWFULLY _SMALL_
22.txt:_ALWAYS!!_
22.txt:_THIS_
22.txt:_GO_ WITH A CHILD TO _YOUR_
22.txt:_DUTY!_
23.txt:_HUH!_
23.txt:_THIS_
23.txt:_RIGHT OFF!_
23.txt:_WOMAN_
23.txt:_WOMAN!_
23.txt:_WOMAN!_
23.txt:_WOMAN!_
23.txt:_NORMAN_
23.txt:_CIRCUS_
24.txt:_, MAYOR GADSBY, _LOOK!!_
24.txt:_THAT_
24.txt:_FORTY-SIX_
24.txt:_WOW!!_ I WISH _I_
24.txt:_ALLAN_ BANKS! SON OF _COUNCILMAN_
24.txt:_AW! I DO TOO!!_
24.txt:_CAN'T_
24.txt:_CAN_
24.txt:_BOOM! BOOM!_
24.txt:_THOUSANDS_
24.txt:_HAS_ TO THINK OF THAT, ALLAN. AND _YOU_
24.txt:_HOW_
24.txt:_BOOM!_
24.txt:_WHO_
24.txt:_THAT_
24.txt:_BIG_ WAR STARTS,--_AHA_
24.txt:_TIGHT_
24.txt:_GOLD_
24.txt:_ACTUALLY_, KNITTING _IN CHURCH!!_
24.txt:_WAY_
24.txt:_AGAIN_
25.txt:_YOUTH_
25.txt:_TODAY_
25.txt:_STARTING OUT_
25.txt:_ONLY_
25.txt:_WILL_
25.txt:_WHAT!_
25.txt:_WIN_
25.txt:_BOY! WAS THAT KID MAD!!_
25.txt:_A_
25.txt:_SO_
25.txt:_SO_
25.txt:_DID_
25.txt:_SPASM_
25.txt:_BANG!!_
25.txt:_WAY_
25.txt:_HAD_
25.txt:_APRIL FOOL_
