/_private            [33m (Status: 403)[0m [Size: 38]
/private             [33m (Status: 403)[0m [Size: 38]
/download_private    [33m (Status: 403)[0m [Size: 38]
/privatemsg          [33m (Status: 403)[0m [Size: 38]
/privatedir          [33m (Status: 403)[0m [Size: 38]
/privateassets       [33m (Status: 403)[0m [Size: 38]
/privatefolder       [33m (Status: 403)[0m [Size: 38]
/toolsprivate        [33m (Status: 403)[0m [Size: 38]
/private-cgi-bin     [33m (Status: 403)[0m [Size: 38]
/private2            [33m (Status: 403)[0m [Size: 38]
/private_messages    [33m (Status: 403)[0m [Size: 38]
/_vti_private        [33m (Status: 403)[0m [Size: 38]
/privatedata         [33m (Status: 403)[0m [Size: 38]
/privatemessages     [33m (Status: 403)[0m [Size: 38]
/private_files       [33m (Status: 403)[0m [Size: 38]
/private1            [33m (Status: 403)[0m [Size: 38]
/private_html        [33m (Status: 403)[0m [Size: 38]
/privatearea         [33m (Status: 403)[0m [Size: 38]
/privatedirectory    [33m (Status: 403)[0m [Size: 38]
/privatefiles        [33m (Status: 403)[0m [Size: 38]
/privateimages       [33m (Status: 403)[0m [Size: 38]
/privates            [33m (Status: 403)[0m [Size: 38]
