# Nmap 7.91 scan initiated Mon Oct  4 16:25:29 2021 as: nmap -A -v -p59,2222,5555,18833,23400,27622,28381,32566,36705,42135,44699,46053,47048,52478,53853,59777 -oN Explore/nmapOutput.log 10.10.10.247
Nmap scan report for 10.10.10.247 (10.10.10.247)
Host is up (0.87s latency).

PORT      STATE    SERVICE     VERSION
59/tcp    closed   priv-file
2222/tcp  open     ssh         (protocol 2.0)
| fingerprint-strings: 
|   NULL: 
|_    SSH-2.0-SSH Server - Banana Studio
| ssh-hostkey: 
|_  2048 71:90:e3:a7:c9:5d:83:66:34:88:3d:eb:b4:c7:88:fb (RSA)
5555/tcp  filtered freeciv
18833/tcp closed   unknown
23400/tcp closed   novar-dbase
27622/tcp closed   unknown
28381/tcp closed   unknown
32566/tcp closed   unknown
36705/tcp open     unknown
| fingerprint-strings: 
|   GenericLines: 
|     HTTP/1.0 400 Bad Request
|     Date: Mon, 04 Oct 2021 20:26:53 GMT
|     Content-Length: 22
|     Content-Type: text/plain; charset=US-ASCII
|     Connection: Close
|     Invalid request line:
|   GetRequest: 
|     HTTP/1.1 412 Precondition Failed
|     Date: Mon, 04 Oct 2021 20:26:55 GMT
|     Content-Length: 0
|   HTTPOptions: 
|     HTTP/1.0 501 Not Implemented
|     Date: Mon, 04 Oct 2021 20:27:01 GMT
|     Content-Length: 29
|     Content-Type: text/plain; charset=US-ASCII
|     Connection: Close
|     Method not supported: OPTIONS
|   Help: 
|     HTTP/1.0 400 Bad Request
|     Date: Mon, 04 Oct 2021 20:27:24 GMT
|     Content-Length: 26
|     Content-Type: text/plain; charset=US-ASCII
|     Connection: Close
|     Invalid request line: HELP
|   RTSPRequest: 
|     HTTP/1.0 400 Bad Request
|     Date: Mon, 04 Oct 2021 20:27:03 GMT
|     Content-Length: 39
|     Content-Type: text/plain; charset=US-ASCII
|     Connection: Close
|     valid protocol version: RTSP/1.0
|   SSLSessionReq: 
|     HTTP/1.0 400 Bad Request
|     Date: Mon, 04 Oct 2021 20:27:26 GMT
|     Content-Length: 73
|     Content-Type: text/plain; charset=US-ASCII
|     Connection: Close
|     Invalid request line: 
|     ?G???,???`~?
|     ??{????w????<=?o?
|   TLSSessionReq: 
|     HTTP/1.0 400 Bad Request
|     Date: Mon, 04 Oct 2021 20:27:31 GMT
|     Content-Length: 71
|     Content-Type: text/plain; charset=US-ASCII
|     Connection: Close
|     Invalid request line: 
|     ??random1random2random3random4
|   TerminalServerCookie: 
|     HTTP/1.0 400 Bad Request
|     Date: Mon, 04 Oct 2021 20:27:29 GMT
|     Content-Length: 54
|     Content-Type: text/plain; charset=US-ASCII
|     Connection: Close
|     Invalid request line: 
|_    Cookie: mstshash=nmap
42135/tcp open     http        ES File Explorer Name Response httpd
|_http-title: Site doesn't have a title (text/html).
44699/tcp closed   unknown
46053/tcp closed   unknown
47048/tcp closed   unknown
52478/tcp closed   unknown
53853/tcp closed   unknown
59777/tcp open     http        Bukkit JSONAPI httpd for Minecraft game server 3.6.0 or older
|_http-title: Site doesn't have a title (text/plain).
2 services unrecognized despite returning data. If you know the service/version, please submit the following fingerprints at https://nmap.org/cgi-bin/submit.cgi?new-service :
==============NEXT SERVICE FINGERPRINT (SUBMIT INDIVIDUALLY)==============
SF-Port2222-TCP:V=7.91%I=7%D=10/4%Time=615B6346%P=x86_64-pc-linux-gnu%r(NU
SF:LL,24,"SSH-2\.0-SSH\x20Server\x20-\x20Banana\x20Studio\r\n");
==============NEXT SERVICE FINGERPRINT (SUBMIT INDIVIDUALLY)==============
SF-Port36705-TCP:V=7.91%I=7%D=10/4%Time=615B6348%P=x86_64-pc-linux-gnu%r(G
SF:enericLines,AA,"HTTP/1\.0\x20400\x20Bad\x20Request\r\nDate:\x20Mon,\x20
SF:04\x20Oct\x202021\x2020:26:53\x20GMT\r\nContent-Length:\x2022\r\nConten
SF:t-Type:\x20text/plain;\x20charset=US-ASCII\r\nConnection:\x20Close\r\n\
SF:r\nInvalid\x20request\x20line:\x20")%r(GetRequest,5C,"HTTP/1\.1\x20412\
SF:x20Precondition\x20Failed\r\nDate:\x20Mon,\x2004\x20Oct\x202021\x2020:2
SF:6:55\x20GMT\r\nContent-Length:\x200\r\n\r\n")%r(HTTPOptions,B5,"HTTP/1\
SF:.0\x20501\x20Not\x20Implemented\r\nDate:\x20Mon,\x2004\x20Oct\x202021\x
SF:2020:27:01\x20GMT\r\nContent-Length:\x2029\r\nContent-Type:\x20text/pla
SF:in;\x20charset=US-ASCII\r\nConnection:\x20Close\r\n\r\nMethod\x20not\x2
SF:0supported:\x20OPTIONS")%r(RTSPRequest,BB,"HTTP/1\.0\x20400\x20Bad\x20R
SF:equest\r\nDate:\x20Mon,\x2004\x20Oct\x202021\x2020:27:03\x20GMT\r\nCont
SF:ent-Length:\x2039\r\nContent-Type:\x20text/plain;\x20charset=US-ASCII\r
SF:\nConnection:\x20Close\r\n\r\nNot\x20a\x20valid\x20protocol\x20version:
SF:\x20\x20RTSP/1\.0")%r(Help,AE,"HTTP/1\.0\x20400\x20Bad\x20Request\r\nDa
SF:te:\x20Mon,\x2004\x20Oct\x202021\x2020:27:24\x20GMT\r\nContent-Length:\
SF:x2026\r\nContent-Type:\x20text/plain;\x20charset=US-ASCII\r\nConnection
SF::\x20Close\r\n\r\nInvalid\x20request\x20line:\x20HELP")%r(SSLSessionReq
SF:,DD,"HTTP/1\.0\x20400\x20Bad\x20Request\r\nDate:\x20Mon,\x2004\x20Oct\x
SF:202021\x2020:27:26\x20GMT\r\nContent-Length:\x2073\r\nContent-Type:\x20
SF:text/plain;\x20charset=US-ASCII\r\nConnection:\x20Close\r\n\r\nInvalid\
SF:x20request\x20line:\x20\x16\x03\0\0S\x01\0\0O\x03\0\?G\?\?\?,\?\?\?`~\?
SF:\0\?\?{\?\?\?\?w\?\?\?\?<=\?o\?\x10n\0\0\(\0\x16\0\x13\0")%r(TerminalSe
SF:rverCookie,CA,"HTTP/1\.0\x20400\x20Bad\x20Request\r\nDate:\x20Mon,\x200
SF:4\x20Oct\x202021\x2020:27:29\x20GMT\r\nContent-Length:\x2054\r\nContent
SF:-Type:\x20text/plain;\x20charset=US-ASCII\r\nConnection:\x20Close\r\n\r
SF:\nInvalid\x20request\x20line:\x20\x03\0\0\*%\?\0\0\0\0\0Cookie:\x20msts
SF:hash=nmap")%r(TLSSessionReq,DB,"HTTP/1\.0\x20400\x20Bad\x20Request\r\nD
SF:ate:\x20Mon,\x2004\x20Oct\x202021\x2020:27:31\x20GMT\r\nContent-Length:
SF:\x2071\r\nContent-Type:\x20text/plain;\x20charset=US-ASCII\r\nConnectio
SF:n:\x20Close\r\n\r\nInvalid\x20request\x20line:\x20\x16\x03\0\0i\x01\0\0
SF:e\x03\x03U\x1c\?\?random1random2random3random4\0\0\x0c\0/\0");
No exact OS matches for host (If you know what OS is running on it, see https://nmap.org/submit/ ).
TCP/IP fingerprint:
OS:SCAN(V=7.91%E=4%D=10/4%OT=2222%CT=59%CU=30609%PV=Y%DS=2%DC=T%G=Y%TM=615B
OS:641A%P=x86_64-pc-linux-gnu)SEQ(SP=100%GCD=1%ISR=106%TI=Z%CI=Z%II=I%TS=A)
OS:OPS(O1=M54BST11NW6%O2=M54BST11NW6%O3=M54BNNT11NW6%O4=M54BST11NW6%O5=M54B
OS:ST11NW6%O6=M54BST11)WIN(W1=FFFF%W2=FFFF%W3=FFFF%W4=FFFF%W5=FFFF%W6=FFFF)
OS:ECN(R=Y%DF=Y%T=40%W=FFFF%O=M54BNNSNW6%CC=Y%Q=)T1(R=Y%DF=Y%T=40%S=O%A=S+%
OS:F=AS%RD=0%Q=)T2(R=N)T3(R=N)T4(R=Y%DF=Y%T=40%W=0%S=A%A=Z%F=R%O=%RD=0%Q=)T
OS:5(R=Y%DF=Y%T=40%W=0%S=Z%A=S+%F=AR%O=%RD=0%Q=)T6(R=Y%DF=Y%T=40%W=0%S=A%A=
OS:Z%F=R%O=%RD=0%Q=)T7(R=Y%DF=Y%T=40%W=0%S=Z%A=S+%F=AR%O=%RD=0%Q=)U1(R=Y%DF
OS:=N%T=40%IPL=164%UN=0%RIPL=G%RID=G%RIPCK=G%RUCK=G%RUD=G)IE(R=Y%DFI=N%T=40
OS:%CD=S)

Uptime guess: 0.636 days (since Mon Oct  4 01:13:39 2021)
Network Distance: 2 hops
TCP Sequence Prediction: Difficulty=256 (Good luck!)
IP ID Sequence Generation: All zeros
Service Info: Device: phone

TRACEROUTE (using port 44699/tcp)
HOP RTT       ADDRESS
1   805.34 ms 10.10.16.1 (10.10.16.1)
2   396.89 ms 10.10.10.247 (10.10.10.247)

Read data files from: /usr/bin/../share/nmap
OS and Service detection performed. Please report any incorrect results at https://nmap.org/submit/ .
# Nmap done at Mon Oct  4 16:29:14 2021 -- 1 IP address (1 host up) scanned in 225.31 seconds
