Starting enum4linux v0.9.1 ( http://labs.portcullis.co.uk/application/enum4linux/ ) on Sun Feb 12 04:04:27 2023

[34m =========================================( [0m[32mTarget Information[0m[34m )=========================================

[0mTarget ........... flight.htb
RID Range ........ 500-550,1000-1050
Username ......... ''
Password ......... ''
Known Usernames .. administrator, guest, krbtgt, domain admins, root, bin, none


[34m =============================( [0m[32mEnumerating Workgroup/Domain on flight.htb[0m[34m )=============================

[0m[33m
[E] [0m[31mCan't find workgroup/domain

[0m

[34m =================================( [0m[32mNbtstat Information for flight.htb[0m[34m )=================================

[0mLooking up status of 10.10.11.187
No reply from 10.10.11.187

[34m ====================================( [0m[32mSession Check on flight.htb[0m[34m )====================================

[0m[33m
[+] [0m[32mServer flight.htb allows sessions using username '', password ''

[0m
[34m =================================( [0m[32mGetting domain SID for flight.htb[0m[34m )=================================

[0mDomain Name: flight
Domain Sid: S-1-5-21-4078382237-1492182817-2568127209
[33m
[+] [0m[32mHost is part of a domain (not a workgroup)

[0m
[34m ====================================( [0m[32mOS information on flight.htb[0m[34m )====================================

[0m[33m
[E] [0m[31mCan't get OS info with smbclient

[0m[33m
[+] [0m[32mGot OS info for flight.htb from srvinfo: 
[0mdo_cmd: Could not initialise srvsvc. Error was NT_STATUS_ACCESS_DENIED


[34m ========================================( [0m[32mUsers on flight.htb[0m[34m )========================================

[0m[33m
[E] [0m[31mCouldn't find users using querydispinfo: NT_STATUS_ACCESS_DENIED

[0m
[33m
[E] [0m[31mCouldn't find users using enumdomusers: NT_STATUS_ACCESS_DENIED

[0m
[34m ==================================( [0m[32mShare Enumeration on flight.htb[0m[34m )==================================

[0mdo_connect: Connection to flight.htb failed (Error NT_STATUS_RESOURCE_NAME_NOT_FOUND)

	Sharename       Type      Comment
	---------       ----      -------
Reconnecting with SMB1 for workgroup listing.
Unable to connect with SMB1 -- no workgroup available
[33m
[+] [0m[32mAttempting to map shares on flight.htb

[0m
[34m =============================( [0m[32mPassword Policy Information for flight.htb[0m[34m )=============================

[0m[33m
[E] [0m[31mUnexpected error from polenum:

[0m

[+] Attaching to flight.htb using a NULL share

[+] Trying protocol 139/SMB...

	[!] Protocol failed: Cannot request session (Called Name:FLIGHT.HTB)

[+] Trying protocol 445/SMB...

	[!] Protocol failed: SAMR SessionError: code: 0xc0000022 - STATUS_ACCESS_DENIED - {Access Denied} A process has requested access to an object but has not been granted those access rights.


[33m
[E] [0m[31mFailed to get password policy with rpcclient

[0m

[34m ========================================( [0m[32mGroups on flight.htb[0m[34m )========================================

[0m[33m
[+] [0m[32mGetting builtin groups:

[0m[33m
[+] [0m[32m Getting builtin group memberships:

[0m[33m
[+] [0m[32m Getting local groups:

[0m[33m
[+] [0m[32m Getting local group memberships:

[0m[33m
[+] [0m[32m Getting domain groups:

[0m[33m
[+] [0m[32m Getting domain group memberships:

[0m
[34m ===================( [0m[32mUsers on flight.htb via RID cycling (RIDS: 500-550,1000-1050)[0m[34m )===================

[0m[33m
[E] [0m[31mCouldn't get SID: NT_STATUS_ACCESS_DENIED.  RID cycling not possible.

[0m
[34m ================================( [0m[32mGetting printer info for flight.htb[0m[34m )================================

[0mdo_cmd: Could not initialise spoolss. Error was NT_STATUS_ACCESS_DENIED


enum4linux complete on Sun Feb 12 04:04:54 2023

