# Nmap 7.91 scan initiated Thu Sep 30 16:12:01 2021 as: nmap -A -v -p21,22,80 -oN Cap/nmapOutput.log 10.10.10.245
adjust_timeouts2: packet supposedly had rtt of -1054168 microseconds.  Ignoring time.
adjust_timeouts2: packet supposedly had rtt of -775378 microseconds.  Ignoring time.
adjust_timeouts2: packet supposedly had rtt of -775378 microseconds.  Ignoring time.
adjust_timeouts2: packet supposedly had rtt of -3684113 microseconds.  Ignoring time.
adjust_timeouts2: packet supposedly had rtt of -3684113 microseconds.  Ignoring time.
Nmap scan report for 10.10.10.245 (10.10.10.245)
Host is up (0.66s latency).

PORT   STATE SERVICE VERSION
21/tcp open  ftp     vsftpd 3.0.3
22/tcp open  ssh     OpenSSH 8.2p1 Ubuntu 4ubuntu0.2 (Ubuntu Linux; protocol 2.0)
| ssh-hostkey: 
|   3072 fa:80:a9:b2:ca:3b:88:69:a4:28:9e:39:0d:27:d5:75 (RSA)
|   256 96:d8:f8:e3:e8:f7:71:36:c5:49:d5:9d:b6:a4:c9:0c (ECDSA)
|_  256 3f:d0:ff:91:eb:3b:f6:e1:9f:2e:8d:de:b3:de:b2:18 (ED25519)
80/tcp open  http    gunicorn
| http-methods: 
|_  Supported Methods: GET OPTIONS HEAD
|_http-server-header: gunicorn
|_http-title: Security Dashboard
Warning: OSScan results may be unreliable because we could not find at least 1 open and 1 closed port
Aggressive OS guesses: Linux 4.15 - 5.6 (95%), Linux 3.1 (94%), Linux 3.2 (94%), Linux 5.3 - 5.4 (94%), AXIS 210A or 211 Network Camera (Linux 2.6.17) (94%), Linux 5.0 - 5.3 (94%), Linux 2.6.32 (93%), ASUS RT-N56U WAP (Linux 3.4) (93%), Linux 3.16 (93%), Linux 3.1 - 3.2 (92%)
No exact OS matches for host (test conditions non-ideal).
Uptime guess: 21.677 days (since Wed Sep  8 23:59:29 2021)
Network Distance: 2 hops
TCP Sequence Prediction: Difficulty=253 (Good luck!)
IP ID Sequence Generation: All zeros
Service Info: OSs: Unix, Linux; CPE: cpe:/o:linux:linux_kernel

TRACEROUTE (using port 22/tcp)
HOP RTT       ADDRESS
1   656.62 ms 10.10.16.1 (10.10.16.1)
2   306.44 ms 10.10.10.245 (10.10.10.245)

Read data files from: /usr/bin/../share/nmap
OS and Service detection performed. Please report any incorrect results at https://nmap.org/submit/ .
# Nmap done at Thu Sep 30 16:14:12 2021 -- 1 IP address (1 host up) scanned in 131.04 seconds
