_______________________________________________________________
         __          _______   _____
         \ \        / /  __ \ / ____|
          \ \  /\  / /| |__) | (___   ___  __ _ _ __ ®
           \ \/  \/ / |  ___/ \___ \ / __|/ _` | '_ \
            \  /\  /  | |     ____) | (__| (_| | | | |
             \/  \/   |_|    |_____/ \___|\__,_|_| |_|

         WordPress Security Scanner by the WPScan Team
                         Version 3.8.22
       Sponsored by Automattic - https://automattic.com/
       @_WPScan_, @ethicalhack3r, @erwan_lr, @firefart
_______________________________________________________________


Scan Aborted: Unable to identify the wp-content dir, please supply it with --wp-content-dir, use the --scope option or make sure the --url value given is the correct one
Trace: /usr/share/rubygems-integration/all/gems/wpscan-3.8.22/app/controllers/custom_directories.rb:21:in `before_scan'
/usr/share/rubygems-integration/all/gems/cms_scanner-0.13.8/lib/cms_scanner/controllers.rb:46:in `each'
/usr/share/rubygems-integration/all/gems/cms_scanner-0.13.8/lib/cms_scanner/controllers.rb:46:in `block in run'
/usr/lib/ruby/3.1.0/timeout.rb:84:in `timeout'
/usr/share/rubygems-integration/all/gems/cms_scanner-0.13.8/lib/cms_scanner/controllers.rb:45:in `run'
/usr/share/rubygems-integration/all/gems/cms_scanner-0.13.8/lib/cms_scanner/scan.rb:24:in `run'
/usr/share/rubygems-integration/all/gems/wpscan-3.8.22/bin/wpscan:17:in `block in <top (required)>'
/usr/share/rubygems-integration/all/gems/cms_scanner-0.13.8/lib/cms_scanner/scan.rb:15:in `initialize'
/usr/share/rubygems-integration/all/gems/wpscan-3.8.22/bin/wpscan:6:in `new'
/usr/share/rubygems-integration/all/gems/wpscan-3.8.22/bin/wpscan:6:in `<top (required)>'
/usr/bin/wpscan:25:in `load'
/usr/bin/wpscan:25:in `<main>'
