Starting enum4linux v0.9.1 ( http://labs.portcullis.co.uk/application/enum4linux/ ) on Wed Nov  1 10:33:51 2023

[34m =========================================( [0m[32mTarget Information[0m[34m )=========================================

[0mTarget ........... 10.10.10.4
RID Range ........ 500-550,1000-1050
Username ......... 'guest'
Password ......... ''
Known Usernames .. administrator, guest, krbtgt, domain admins, root, bin, none


[34m =============================( [0m[32mEnumerating Workgroup/Domain on 10.10.10.4[0m[34m )=============================

[0m[33m
[+] [0m[32mGot domain/workgroup name: HTB

[0m
[34m =================================( [0m[32mNbtstat Information for 10.10.10.4[0m[34m )=================================

[0mLooking up status of 10.10.10.4
	LEGACY          <00> -         B <ACTIVE>  Workstation Service
	HTB             <00> - <GROUP> B <ACTIVE>  Domain/Workgroup Name
	LEGACY          <20> -         B <ACTIVE>  File Server Service
	HTB             <1e> - <GROUP> B <ACTIVE>  Browser Service Elections
	HTB             <1d> -         B <ACTIVE>  Master Browser
	..__MSBROWSE__. <01> - <GROUP> B <ACTIVE>  Master Browser

	MAC Address = 00-50-56-B9-1C-8C

[34m ====================================( [0m[32mSession Check on 10.10.10.4[0m[34m )====================================

[0m[33m
[E] [0m[31mServer doesn't allow session using username 'guest', password ''.  Aborting remainder of tests.

[0m