# Nmap 7.93 scan initiated Sat May 20 08:27:09 2023 as: nmap --script=vuln -o nmap/nmapVuln.log 10.10.233.157
Nmap scan report for 10.10.233.157 (10.10.233.157)
Host is up (0.046s latency).
Not shown: 991 closed tcp ports (conn-refused)
PORT      STATE SERVICE
135/tcp   open  msrpc
139/tcp   open  netbios-ssn
445/tcp   open  microsoft-ds
3389/tcp  open  ms-wbt-server
|_ssl-ccs-injection: No reply from server (TIMEOUT)
49152/tcp open  unknown
49153/tcp open  unknown
49154/tcp open  unknown
49158/tcp open  unknown
49160/tcp open  unknown

Host script results:
|_smb-vuln-ms10-054: false
|_samba-vuln-cve-2012-1182: NT_STATUS_ACCESS_DENIED
| smb-vuln-ms17-010: 
|   VULNERABLE:
|   Remote Code Execution vulnerability in Microsoft SMBv1 servers (ms17-010)
|     State: VULNERABLE
|     IDs:  CVE:CVE-2017-0143
|     Risk factor: HIGH
|       A critical remote code execution vulnerability exists in Microsoft SMBv1
|        servers (ms17-010).
|           
|     Disclosure date: 2017-03-14
|     References:
|       https://cve.mitre.org/cgi-bin/cvename.cgi?name=CVE-2017-0143
|       https://technet.microsoft.com/en-us/library/security/ms17-010.aspx
|_      https://blogs.technet.microsoft.com/msrc/2017/05/12/customer-guidance-for-wannacrypt-attacks/
|_smb-vuln-ms10-061: NT_STATUS_ACCESS_DENIED

# Nmap done at Sat May 20 08:28:49 2023 -- 1 IP address (1 host up) scanned in 99.57 seconds
