# Nmap 7.80 scan initiated Thu Sep 17 09:22:39 2020 as: nmap -sC -sV -v -p22,25,21,143,80,8080,993 -oN sneakymailersallportsnmap.log 10.10.10.197
Nmap scan report for 10.10.10.197
Host is up (0.13s latency).

PORT     STATE SERVICE  VERSION
21/tcp   open  ftp      vsftpd 3.0.3
22/tcp   open  ssh      OpenSSH 7.9p1 Debian 10+deb10u2 (protocol 2.0)
| ssh-hostkey: 
|   2048 57:c9:00:35:36:56:e6:6f:f6:de:86:40:b2:ee:3e:fd (RSA)
|   256 d8:21:23:28:1d:b8:30:46:e2:67:2d:59:65:f0:0a:05 (ECDSA)
|_  256 5e:4f:23:4e:d4:90:8e:e9:5e:89:74:b3:19:0c:fc:1a (ED25519)
25/tcp   open  smtp     Postfix smtpd
|_smtp-commands: debian, PIPELINING, SIZE 10240000, VRFY, ETRN, STARTTLS, ENHANCEDSTATUSCODES, 8BITMIME, DSN, SMTPUTF8, CHUNKING, 
80/tcp   open  http     nginx 1.14.2
| http-methods: 
|_  Supported Methods: GET HEAD POST OPTIONS
|_http-server-header: nginx/1.14.2
|_http-title: Did not follow redirect to http://sneakycorp.htb
143/tcp  open  imap     Courier Imapd (released 2018)
|_imap-capabilities: UTF8=ACCEPTA0001 UIDPLUS QUOTA ENABLE CHILDREN CAPABILITY IMAP4rev1 SORT THREAD=REFERENCES OK completed ACL STARTTLS IDLE THREAD=ORDEREDSUBJECT ACL2=UNION NAMESPACE
| ssl-cert: Subject: commonName=localhost/organizationName=Courier Mail Server/stateOrProvinceName=NY/countryName=US
| Subject Alternative Name: email:postmaster@example.com
| Issuer: commonName=localhost/organizationName=Courier Mail Server/stateOrProvinceName=NY/countryName=US
| Public Key type: rsa
| Public Key bits: 3072
| Signature Algorithm: sha256WithRSAEncryption
| Not valid before: 2020-05-14T17:14:21
| Not valid after:  2021-05-14T17:14:21
| MD5:   3faf 4166 f274 83c5 8161 03ed f9c2 0308
|_SHA-1: f79f 040b 2cd7 afe0 31fa 08c3 b30a 5ff5 7b63 566c
|_ssl-date: TLS randomness does not represent time
993/tcp  open  ssl/imap Courier Imapd (released 2018)
|_imap-capabilities: UTF8=ACCEPTA0001 UIDPLUS QUOTA ENABLE CHILDREN CAPABILITY IMAP4rev1 AUTH=PLAIN THREAD=REFERENCES OK completed ACL THREAD=ORDEREDSUBJECT IDLE NAMESPACE ACL2=UNION SORT
| ssl-cert: Subject: commonName=localhost/organizationName=Courier Mail Server/stateOrProvinceName=NY/countryName=US
| Subject Alternative Name: email:postmaster@example.com
| Issuer: commonName=localhost/organizationName=Courier Mail Server/stateOrProvinceName=NY/countryName=US
| Public Key type: rsa
| Public Key bits: 3072
| Signature Algorithm: sha256WithRSAEncryption
| Not valid before: 2020-05-14T17:14:21
| Not valid after:  2021-05-14T17:14:21
| MD5:   3faf 4166 f274 83c5 8161 03ed f9c2 0308
|_SHA-1: f79f 040b 2cd7 afe0 31fa 08c3 b30a 5ff5 7b63 566c
|_ssl-date: TLS randomness does not represent time
8080/tcp open  http     nginx 1.14.2
| http-methods: 
|_  Supported Methods: GET HEAD
|_http-open-proxy: Proxy might be redirecting requests
|_http-server-header: nginx/1.14.2
|_http-title: Welcome to nginx!
Service Info: Host:  debian; OSs: Unix, Linux; CPE: cpe:/o:linux:linux_kernel

Read data files from: /usr/bin/../share/nmap
Service detection performed. Please report any incorrect results at https://nmap.org/submit/ .
# Nmap done at Thu Sep 17 09:23:25 2020 -- 1 IP address (1 host up) scanned in 46.47 seconds
