Target: http://doctors.htb/FUZZ
Total requests: 220560
==================================================================
ID    Response   Lines      Word         Chars          Request    
==================================================================
00001:  C=302      3 L	      24 W	    237 Ch	  "# directory-list-2.3-medium.txt"
00005:  C=302      3 L	      24 W	    237 Ch	  "# This work is licensed under the Creative Commons"
00003:  C=302      3 L	      24 W	    237 Ch	  "# Copyright 2007 James Fisher"
00002:  C=302      3 L	      24 W	    237 Ch	  "#"
00008:  C=302      3 L	      24 W	    237 Ch	  "# or send a letter to Creative Commons, 171 Second Street,"
00004:  C=302      3 L	      24 W	    237 Ch	  "#"
00006:  C=302      3 L	      24 W	    237 Ch	  "# Attribution-Share Alike 3.0 License. To view a copy of this"
00007:  C=302      3 L	      24 W	    237 Ch	  "# license, visit http://creativecommons.org/licenses/by-sa/3.0/"
00009:  C=302      3 L	      24 W	    237 Ch	  "# Suite 300, San Francisco, California, 94105, USA."
00010:  C=302      3 L	      24 W	    237 Ch	  "#"
00011:  C=302      3 L	      24 W	    237 Ch	  "# Priority ordered case sensative list, where entries were found"
00012:  C=302      3 L	      24 W	    237 Ch	  "# on atleast 2 different hosts"
00013:  C=302      3 L	      24 W	    237 Ch	  "#"
00014:  C=302      3 L	      24 W	    237 Ch	  ""
00038:  C=302      3 L	      24 W	    245 Ch	  "home"
00053:  C=200     94 L	     228 W	   4204 Ch	  "login"
00063:  C=200      5 L	       8 W	    101 Ch	  "archive"
00065:  C=200    100 L	     238 W	   4493 Ch	  "register"
00349:  C=302      3 L	      24 W	    251 Ch	  "account"
01225:  C=302      3 L	      24 W	    217 Ch	  "logout"
45240:  C=302      3 L	      24 W	    237 Ch	  ""
83781:  C=200     76 L	     187 W	   3493 Ch	  "reset_password"
95524:  C=403      9 L	      28 W	    276 Ch	  "server-status"

Total time: 0
Processed Requests: 220560
Filtered Requests: 220537
Requests/sec.: 0
