Starting enum4linux v0.8.9 ( http://labs.portcullis.co.uk/application/enum4linux/ ) on Mon Nov 22 16:21:00 2021

 ========================== 
|    Target Information    |
 ========================== 
Target ........... 10.10.10.248
RID Range ........ 500-550,1000-1050
Username ......... ''
Password ......... ''
Known Usernames .. administrator, guest, krbtgt, domain admins, root, bin, none


 ==================================================== 
|    Enumerating Workgroup/Domain on 10.10.10.248    |
 ==================================================== 
[E] Can't find workgroup/domain


 ============================================ 
|    Nbtstat Information for 10.10.10.248    |
 ============================================ 
Looking up status of 10.10.10.248
No reply from 10.10.10.248

 ===================================== 
|    Session Check on 10.10.10.248    |
 ===================================== 
[+] Server 10.10.10.248 allows sessions using username '', password ''
[+] Got domain/workgroup name: 

 =========================================== 
|    Getting domain SID for 10.10.10.248    |
 =========================================== 
Domain Name: intelligence
Domain Sid: S-1-5-21-4210132550-3389855604-3437519686
[+] Host is part of a domain (not a workgroup)

 ====================================== 
|    OS information on 10.10.10.248    |
 ====================================== 
[+] Got OS info for 10.10.10.248 from smbclient: 
[+] Got OS info for 10.10.10.248 from srvinfo:
Could not initialise srvsvc. Error was NT_STATUS_ACCESS_DENIED

 ============================= 
|    Users on 10.10.10.248    |
 ============================= 
[E] Couldn't find users using querydispinfo: NT_STATUS_ACCESS_DENIED

[E] Couldn't find users using enumdomusers: NT_STATUS_ACCESS_DENIED

 ========================================= 
|    Share Enumeration on 10.10.10.248    |
 ========================================= 
do_connect: Connection to 10.10.10.248 failed (Error NT_STATUS_RESOURCE_NAME_NOT_FOUND)

	Sharename       Type      Comment
	---------       ----      -------
Reconnecting with SMB1 for workgroup listing.
Unable to connect with SMB1 -- no workgroup available

[+] Attempting to map shares on 10.10.10.248

 ==================================================== 
|    Password Policy Information for 10.10.10.248    |
 ==================================================== 
[E] Unexpected error from polenum:


[+] Attaching to 10.10.10.248 using a NULL share

[+] Trying protocol 139/SMB...

	[!] Protocol failed: Cannot request session (Called Name:10.10.10.248)

[+] Trying protocol 445/SMB...

	[!] Protocol failed: SAMR SessionError: code: 0xc0000022 - STATUS_ACCESS_DENIED - {Access Denied} A process has requested access to an object but has not been granted those access rights.


[E] Failed to get password policy with rpcclient


 ============================== 
|    Groups on 10.10.10.248    |
 ============================== 

[+] Getting builtin groups:

[+] Getting builtin group memberships:

[+] Getting local groups:

[+] Getting local group memberships:

[+] Getting domain groups:

[+] Getting domain group memberships:

 ======================================================================= 
|    Users on 10.10.10.248 via RID cycling (RIDS: 500-550,1000-1050)    |
 ======================================================================= 
[E] Couldn't get SID: NT_STATUS_ACCESS_DENIED.  RID cycling not possible.

 ============================================= 
|    Getting printer info for 10.10.10.248    |
 ============================================= 
Could not initialise spoolss. Error was NT_STATUS_ACCESS_DENIED


enum4linux complete on Mon Nov 22 16:22:14 2021

