WARNING: Duplicate port number(s) specified.  Are you alert enough to be using Nmap?  Have some coffee or Jolt(tm).
# Nmap 7.92 scan initiated Mon Nov 22 15:34:03 2021 as: nmap -A -v -p53,80,88,135,139,389,445,464,593,3268,3269,5985,9389,49667,49691,49692,49700,49713,50892,53,123,389 -oN Intelligence/nmapOutput.log 10.10.10.248
Nmap scan report for 10.10.10.248 (10.10.10.248)
Host is up (0.31s latency).

PORT      STATE    SERVICE       VERSION
53/tcp    open     domain        Simple DNS Plus
80/tcp    open     http          Microsoft IIS httpd 10.0
| http-methods: 
|   Supported Methods: OPTIONS TRACE GET HEAD POST
|_  Potentially risky methods: TRACE
|_http-title: Intelligence
|_http-favicon: Unknown favicon MD5: 556F31ACD686989B1AFCF382C05846AA
|_http-server-header: Microsoft-IIS/10.0
88/tcp    open     kerberos-sec  Microsoft Windows Kerberos (server time: 2021-11-23 04:35:31Z)
123/tcp   filtered ntp
135/tcp   open     msrpc         Microsoft Windows RPC
139/tcp   open     netbios-ssn   Microsoft Windows netbios-ssn
389/tcp   open     ldap          Microsoft Windows Active Directory LDAP (Domain: intelligence.htb0., Site: Default-First-Site-Name)
|_ssl-date: 2021-11-23T04:37:14+00:00; +8h01m17s from scanner time.
| ssl-cert: Subject: commonName=dc.intelligence.htb
| Subject Alternative Name: othername:<unsupported>, DNS:dc.intelligence.htb
| Issuer: commonName=intelligence-DC-CA
| Public Key type: rsa
| Public Key bits: 2048
| Signature Algorithm: sha256WithRSAEncryption
| Not valid before: 2021-04-19T00:43:16
| Not valid after:  2022-04-19T00:43:16
| MD5:   7767 9533 67fb d65d 6065 dff7 7ad8 3e88
|_SHA-1: 1555 29d9 fef8 1aec 41b7 dab2 84d7 0f9d 30c7 bde7
445/tcp   open     microsoft-ds?
464/tcp   open     kpasswd5?
593/tcp   open     ncacn_http    Microsoft Windows RPC over HTTP 1.0
3268/tcp  open     ldap          Microsoft Windows Active Directory LDAP (Domain: intelligence.htb0., Site: Default-First-Site-Name)
|_ssl-date: 2021-11-23T04:37:14+00:00; +8h01m17s from scanner time.
| ssl-cert: Subject: commonName=dc.intelligence.htb
| Subject Alternative Name: othername:<unsupported>, DNS:dc.intelligence.htb
| Issuer: commonName=intelligence-DC-CA
| Public Key type: rsa
| Public Key bits: 2048
| Signature Algorithm: sha256WithRSAEncryption
| Not valid before: 2021-04-19T00:43:16
| Not valid after:  2022-04-19T00:43:16
| MD5:   7767 9533 67fb d65d 6065 dff7 7ad8 3e88
|_SHA-1: 1555 29d9 fef8 1aec 41b7 dab2 84d7 0f9d 30c7 bde7
3269/tcp  open     ssl/ldap      Microsoft Windows Active Directory LDAP (Domain: intelligence.htb0., Site: Default-First-Site-Name)
|_ssl-date: 2021-11-23T04:37:13+00:00; +8h01m17s from scanner time.
| ssl-cert: Subject: commonName=dc.intelligence.htb
| Subject Alternative Name: othername:<unsupported>, DNS:dc.intelligence.htb
| Issuer: commonName=intelligence-DC-CA
| Public Key type: rsa
| Public Key bits: 2048
| Signature Algorithm: sha256WithRSAEncryption
| Not valid before: 2021-04-19T00:43:16
| Not valid after:  2022-04-19T00:43:16
| MD5:   7767 9533 67fb d65d 6065 dff7 7ad8 3e88
|_SHA-1: 1555 29d9 fef8 1aec 41b7 dab2 84d7 0f9d 30c7 bde7
5985/tcp  open     http          Microsoft HTTPAPI httpd 2.0 (SSDP/UPnP)
|_http-server-header: Microsoft-HTTPAPI/2.0
|_http-title: Not Found
9389/tcp  open     mc-nmf        .NET Message Framing
49667/tcp open     msrpc         Microsoft Windows RPC
49691/tcp open     ncacn_http    Microsoft Windows RPC over HTTP 1.0
49692/tcp open     msrpc         Microsoft Windows RPC
49700/tcp open     msrpc         Microsoft Windows RPC
49713/tcp open     msrpc         Microsoft Windows RPC
50892/tcp open     msrpc         Microsoft Windows RPC
Warning: OSScan results may be unreliable because we could not find at least 1 open and 1 closed port
OS fingerprint not ideal because: Missing a closed TCP port so results incomplete
No OS matches for host
Network Distance: 2 hops
TCP Sequence Prediction: Difficulty=254 (Good luck!)
IP ID Sequence Generation: Incremental
Service Info: Host: DC; OS: Windows; CPE: cpe:/o:microsoft:windows

Host script results:
| smb2-time: 
|   date: 2021-11-23T04:36:36
|_  start_date: N/A
|_clock-skew: mean: 8h01m16s, deviation: 0s, median: 8h01m16s
| smb2-security-mode: 
|   3.1.1: 
|_    Message signing enabled and required

TRACEROUTE (using port 80/tcp)
HOP RTT       ADDRESS
1   310.40 ms 10.10.14.1 (10.10.14.1)
2   310.67 ms 10.10.10.248 (10.10.10.248)

Read data files from: /usr/bin/../share/nmap
OS and Service detection performed. Please report any incorrect results at https://nmap.org/submit/ .
# Nmap done at Mon Nov 22 15:35:59 2021 -- 1 IP address (1 host up) scanned in 115.72 seconds
