# Nmap 7.94 scan initiated Thu Jul 20 10:19:09 2023 as: nmap -p- -Pn -A -o PGPractice/Resourced/nmap/nmapALLTCPPN.log 192.168.238.175
Nmap scan report for 192.168.238.175 (192.168.238.175)
Host is up (0.039s latency).
Not shown: 65515 filtered tcp ports (no-response)
PORT      STATE SERVICE       VERSION
53/tcp    open  domain        Simple DNS Plus
88/tcp    open  kerberos-sec  Microsoft Windows Kerberos (server time: 2023-07-20 14:22:36Z)
135/tcp   open  msrpc         Microsoft Windows RPC
139/tcp   open  netbios-ssn   Microsoft Windows netbios-ssn
389/tcp   open  ldap          Microsoft Windows Active Directory LDAP (Domain: resourced.local0., Site: Default-First-Site-Name)
445/tcp   open  microsoft-ds?
464/tcp   open  kpasswd5?
593/tcp   open  ncacn_http    Microsoft Windows RPC over HTTP 1.0
636/tcp   open  tcpwrapped
3268/tcp  open  ldap          Microsoft Windows Active Directory LDAP (Domain: resourced.local0., Site: Default-First-Site-Name)
3269/tcp  open  tcpwrapped
3389/tcp  open  ms-wbt-server Microsoft Terminal Services
|_ssl-date: 2023-07-20T14:23:59+00:00; 0s from scanner time.
| ssl-cert: Subject: commonName=ResourceDC.resourced.local
| Not valid before: 2023-07-19T14:16:04
|_Not valid after:  2024-01-18T14:16:04
| rdp-ntlm-info: 
|   Target_Name: resourced
|   NetBIOS_Domain_Name: resourced
|   NetBIOS_Computer_Name: RESOURCEDC
|   DNS_Domain_Name: resourced.local
|   DNS_Computer_Name: ResourceDC.resourced.local
|   DNS_Tree_Name: resourced.local
|   Product_Version: 10.0.17763
|_  System_Time: 2023-07-20T14:23:19+00:00
5985/tcp  open  http          Microsoft HTTPAPI httpd 2.0 (SSDP/UPnP)
|_http-server-header: Microsoft-HTTPAPI/2.0
|_http-title: Not Found
9389/tcp  open  mc-nmf        .NET Message Framing
49666/tcp open  msrpc         Microsoft Windows RPC
49667/tcp open  msrpc         Microsoft Windows RPC
49670/tcp open  ncacn_http    Microsoft Windows RPC over HTTP 1.0
49671/tcp open  msrpc         Microsoft Windows RPC
49703/tcp open  msrpc         Microsoft Windows RPC
49776/tcp open  msrpc         Microsoft Windows RPC
Service Info: Host: RESOURCEDC; OS: Windows; CPE: cpe:/o:microsoft:windows

Host script results:
| smb2-security-mode: 
|   3:1:1: 
|_    Message signing enabled and required
| smb2-time: 
|   date: 2023-07-20T14:23:22
|_  start_date: N/A

Service detection performed. Please report any incorrect results at https://nmap.org/submit/ .
# Nmap done at Thu Jul 20 10:24:00 2023 -- 1 IP address (1 host up) scanned in 291.14 seconds
