# Nmap 7.94SVN scan initiated Thu Nov 16 15:54:18 2023 as: nmap -sC -sV -Pn -T4 -o nmap/default_pn.log 10.10.10.7
Nmap scan report for 10.10.10.7 (10.10.10.7)
Host is up (0.11s latency).
Not shown: 988 closed tcp ports (conn-refused)
PORT      STATE SERVICE    VERSION
22/tcp    open  ssh        OpenSSH 4.3 (protocol 2.0)
| ssh-hostkey: 
|   1024 ad:ee:5a:bb:69:37:fb:27:af:b8:30:72:a0:f9:6f:53 (DSA)
|_  2048 bc:c6:73:59:13:a1:8a:4b:55:07:50:f6:65:1d:6d:0d (RSA)
25/tcp    open  smtp       Postfix smtpd
|_smtp-commands: beep.localdomain, PIPELINING, SIZE 10240000, VRFY, ETRN, ENHANCEDSTATUSCODES, 8BITMIME, DSN
80/tcp    open  http       Apache httpd 2.2.3
|_http-server-header: Apache/2.2.3 (CentOS)
|_http-title: Did not follow redirect to https://10.10.10.7/
110/tcp   open  pop3       Cyrus pop3d 2.3.7-Invoca-RPM-2.3.7-7.el5_6.4
|_pop3-capabilities: APOP UIDL EXPIRE(NEVER) AUTH-RESP-CODE LOGIN-DELAY(0) IMPLEMENTATION(Cyrus POP3 server v2) RESP-CODES USER PIPELINING STLS TOP
111/tcp   open  rpcbind    2 (RPC #100000)
| rpcinfo: 
|   program version    port/proto  service
|   100000  2            111/tcp   rpcbind
|   100000  2            111/udp   rpcbind
|   100024  1            790/udp   status
|_  100024  1            793/tcp   status
143/tcp   open  imap       Cyrus imapd 2.3.7-Invoca-RPM-2.3.7-7.el5_6.4
|_imap-capabilities: MAILBOX-REFERRALS CHILDREN ATOMIC LITERAL+ LIST-SUBSCRIBED NAMESPACE IMAP4rev1 RIGHTS=kxte URLAUTHA0001 NO X-NETSCAPE LISTEXT BINARY CONDSTORE CATENATE OK THREAD=REFERENCES THREAD=ORDEREDSUBJECT SORT=MODSEQ ANNOTATEMORE IDLE MULTIAPPEND IMAP4 UNSELECT STARTTLS QUOTA SORT ACL UIDPLUS Completed ID RENAME
443/tcp   open  ssl/https  Apache/2.2.3 (CentOS)
|_http-server-header: Apache/2.2.3 (CentOS)
| ssl-cert: Subject: commonName=localhost.localdomain/organizationName=SomeOrganization/stateOrProvinceName=SomeState/countryName=--
| Not valid before: 2017-04-07T08:22:08
|_Not valid after:  2018-04-07T08:22:08
| http-robots.txt: 1 disallowed entry 
|_/
|_http-title: Elastix - Login page
|_ssl-date: 2023-11-16T20:58:04+00:00; +5s from scanner time.
993/tcp   open  ssl/imap   Cyrus imapd
|_imap-capabilities: CAPABILITY
995/tcp   open  pop3       Cyrus pop3d
3306/tcp  open  mysql      MySQL (unauthorized)
4445/tcp  open  upnotifyp?
10000/tcp open  http       MiniServ 1.570 (Webmin httpd)
|_http-title: Site doesn't have a title (text/html; Charset=iso-8859-1).
Service Info: Hosts:  beep.localdomain, 127.0.0.1, example.com

Host script results:
|_clock-skew: 4s

Service detection performed. Please report any incorrect results at https://nmap.org/submit/ .
# Nmap done at Thu Nov 16 16:01:06 2023 -- 1 IP address (1 host up) scanned in 408.28 seconds
